#
# A fatal error has been detected by the Java Runtime Environment:
#
#  SIGSEGV (0xb) at pc=0x00007fff55fa9ba3, pid=77438, tid=90895
#
# JRE version: Java(TM) SE Runtime Environment 18.9 (11.0.11+9) (build 11.0.11+9-LTS-194)
# Java VM: Java HotSpot(TM) 64-Bit Server VM 18.9 (11.0.11+9-LTS-194, mixed mode, tiered, compressed oops, g1 gc, bsd-amd64)
# Problematic frame:
# C  [QuartzCore+0xdba3]  CALayerRelease+0x29
#
# No core dump will be written. Core dumps have been disabled. To enable core dumping, try "ulimit -c unlimited" before starting Java again
#
# If you would like to submit a bug report, please visit:
#   https://bugreport.java.com/bugreport/crash.jsp
#

---------------  S U M M A R Y ------------

Command Line: ./build/jars/JaamSim2021-04.jar

Host: MacBookPro14,3 x86_64 2800 MHz, 8 cores, 16G, Darwin 18.2.0
Time: Sat Sep  4 20:01:12 2021 NZST elapsed time: 18540.325939 seconds (0d 5h 9m 0s)

---------------  T H R E A D  ---------------

Current thread is native thread

Stack: [0x000070000f3a5000,0x000070000f4a5000],  sp=0x000070000f4a4db0,  free space=1023k
Native frames: (J=compiled Java code, A=aot compiled Java code, j=interpreted, Vv=VM code, C=native code)
C  [QuartzCore+0xdba3]  CALayerRelease+0x29
C  [QuartzCore+0x2003]  _ZN2CA11Transaction6commitEv+0x49b
C  [QuartzCore+0x2d5ed]  _ZN2CA11Transaction14release_threadEPv+0xd1
C  [libsystem_pthread.dylib+0x36c2]  _pthread_tsd_cleanup+0x226
C  [libsystem_pthread.dylib+0x6679]  _pthread_exit+0x46
C  [libsystem_pthread.dylib+0x3310]  _pthread_body+0x89
C  [libsystem_pthread.dylib+0x626f]  _pthread_start+0x46
C  [libsystem_pthread.dylib+0x2415]  thread_start+0xd


siginfo: si_signo: 11 (SIGSEGV), si_code: 1 (SEGV_MAPERR), si_addr: 0x000000000000002e

Register to memory mapping:

RAX=
[error occurred during error reporting (printing register info), id 0xb, SIGSEGV (0xb) at pc=0x000000010634cfdc]

Registers:
RAX=0x00007fffa3b65d20, RBX=0x0000000000000026, RCX=0x00007fff4d3bfaac, RDX=0x0000000000000008
RSP=0x000070000f4a4db0, RBP=0x000070000f4a4dc0, RSI=0x0000000000000026, RDI=0x000000000000000d
R8 =0x0000000000000006, R9 =0x00007fa567f48a30, R10=0x0000000000000007, R11=0x0000000000000007
R12=0x0000000000000000, R13=0x00007fa5624c0a48, R14=0x00007fa567200470, R15=0x00007fa5624c0688
RIP=0x00007fff55fa9ba3, EFLAGS=0x0000000000010246, ERR=0x0000000000000004
  TRAPNO=0x000000000000000e

Top of Stack: (sp=0x000070000f4a4db0)
0x000070000f4a4db0:   00007fa563e096a0 0000000010004001
0x000070000f4a4dc0:   000070000f4a4e30 00007fff55f9e003
0x000070000f4a4dd0:   00007fff55fc95d1 00000001561e0cb0
0x000070000f4a4de0:   00007fa5624c0688 00007fa5624c0600
0x000070000f4a4df0:   0000000000000000 0000000000000000
0x000070000f4a4e00:   a68657873d8e00b5 00007fa56934c038
0x000070000f4a4e10:   0000000000000000 00007fa5624c0600
0x000070000f4a4e20:   00007fa567cc2760 00007fa5624c0688
0x000070000f4a4e30:   000070000f4a4e80 00007fff55fc95ed
0x000070000f4a4e40:   00007fa567b4ead0 00007fff783ec19a
0x000070000f4a4e50:   a68657873d8e00b5 000000000000003e
0x000070000f4a4e60:   0000000000000000 000070000f4a5000
0x000070000f4a4e70:   0000000000000000 00007fffab02c3a0
0x000070000f4a4e80:   000070000f4a4ee0 00007fff7842e6c2
0x000070000f4a4e90:   00007fa56362c000 0000000000000001
0x000070000f4a4ea0:   000070000f4a4ec0 0000000106341b40
0x000070000f4a4eb0:   0000000000000000 0000000000000000
0x000070000f4a4ec0:   0000000000000000 0000000000000000
0x000070000f4a4ed0:   0000000000000000 000070000f4a5000
0x000070000f4a4ee0:   000070000f4a4f10 00007fff78431679
0x000070000f4a4ef0:   0000000000000000 000070000f4a5000
0x000070000f4a4f00:   0000000000000000 0000000000000000
0x000070000f4a4f10:   000070000f4a4f30 00007fff7842e310
0x000070000f4a4f20:   0000000000000000 000070000f4a5000
0x000070000f4a4f30:   000070000f4a4f50 00007fff7843126f
0x000070000f4a4f40:   0000000000000000 0000000000000000
0x000070000f4a4f50:   000070000f4a4f78 00007fff7842d415
0x000070000f4a4f60:   0000000000000000 0000000000000000
0x000070000f4a4f70:   0000000000000000 0000000000000000
0x000070000f4a4f80:   0000000000000000 0000000000000000
0x000070000f4a4f90:   0000000000000000 0000000000000000
0x000070000f4a4fa0:   0000000000000000 0000000000000000 

Instructions: (pc=0x00007fff55fa9ba3)
0x00007fff55fa9b83:   48 8b 05 d6 54 16 4f 80 38 00 74 0d bf 07 00 00
0x00007fff55fa9b93:   00 48 89 de e8 2e ed 1f 00 48 8b 15 8d 9b 19 4f
0x00007fff55fa9ba3:   8b 0c 13 85 c9 74 1a 8d 71 ff 89 c8 f0 0f b1 34
0x00007fff55fa9bb3:   13 74 25 8b 0c 13 85 c9 75 ed 48 8b 15 6c 9b 19 

Stack slot to memory mapping:
stack at sp + 0 slots: 
[error occurred during error reporting (inspecting top of stack), id 0xb, SIGSEGV (0xb) at pc=0x000000010634cfdc]


---------------  P R O C E S S  ---------------

VM state:not at safepoint (normal execution)

VM Mutex/Monitor currently owned by a thread: None

Heap address: 0x0000000700000000, size: 4096 MB, Compressed Oops mode: Zero based, Oop shift amount: 3
Narrow klass base: 0x0000000800000000, Narrow klass shift: 0
Compressed class space size: 1073741824 Address: 0x0000000800000000

Heap:
 garbage-first heap   total 262144K, used 98045K [0x0000000700000000, 0x0000000800000000)
  region size 1024K, 55 young (56320K), 4 survivors (4096K)
 Metaspace       used 45838K, capacity 46765K, committed 47104K, reserved 1091584K
  class space    used 4662K, capacity 5034K, committed 5120K, reserved 1048576K
Heap Regions: E=young(eden), S=young(survivor), O=old, HS=humongous(starts), HC=humongous(continues), CS=collection set, F=free, A=archive, TAMS=top-at-mark-start (previous, next)
|   0|0x0000000700000000, 0x0000000700100000, 0x0000000700100000|100%|HS|  |TAMS 0x0000000700100000, 0x0000000700000000| Complete 
|   1|0x0000000700100000, 0x0000000700200000, 0x0000000700200000|100%|HC|  |TAMS 0x0000000700200000, 0x0000000700100000| Complete 
|   2|0x0000000700200000, 0x0000000700300000, 0x0000000700300000|100%| O|  |TAMS 0x0000000700300000, 0x0000000700200000| Untracked 
|   3|0x0000000700300000, 0x0000000700400000, 0x0000000700400000|100%| O|  |TAMS 0x0000000700400000, 0x0000000700300000| Untracked 
|   4|0x0000000700400000, 0x0000000700500000, 0x0000000700500000|100%| O|  |TAMS 0x0000000700500000, 0x0000000700400000| Untracked 
|   5|0x0000000700500000, 0x0000000700600000, 0x0000000700600000|100%| O|  |TAMS 0x0000000700600000, 0x0000000700500000| Untracked 
|   6|0x0000000700600000, 0x0000000700700000, 0x0000000700700000|100%| O|  |TAMS 0x0000000700674c00, 0x0000000700600000| Untracked 
|   7|0x0000000700700000, 0x0000000700800000, 0x0000000700800000|100%| O|  |TAMS 0x0000000700700000, 0x0000000700700000| Untracked 
|   8|0x0000000700800000, 0x0000000700900000, 0x0000000700900000|100%| O|  |TAMS 0x0000000700800000, 0x0000000700800000| Untracked 
|   9|0x0000000700900000, 0x0000000700a00000, 0x0000000700a00000|100%| O|  |TAMS 0x0000000700900000, 0x0000000700900000| Untracked 
|  10|0x0000000700a00000, 0x0000000700b00000, 0x0000000700b00000|100%| O|  |TAMS 0x0000000700a00000, 0x0000000700a00000| Untracked 
|  11|0x0000000700b00000, 0x0000000700c00000, 0x0000000700c00000|100%| O|  |TAMS 0x0000000700b00000, 0x0000000700b00000| Untracked 
|  12|0x0000000700c00000, 0x0000000700d00000, 0x0000000700d00000|100%| O|  |TAMS 0x0000000700c00000, 0x0000000700c00000| Untracked 
|  13|0x0000000700d00000, 0x0000000700e00000, 0x0000000700e00000|100%| O|  |TAMS 0x0000000700d00000, 0x0000000700d00000| Untracked 
|  14|0x0000000700e00000, 0x0000000700f00000, 0x0000000700f00000|100%| O|  |TAMS 0x0000000700e00000, 0x0000000700e00000| Untracked 
|  15|0x0000000700f00000, 0x0000000701000000, 0x0000000701000000|100%| O|  |TAMS 0x0000000700f00000, 0x0000000700f00000| Untracked 
|  16|0x0000000701000000, 0x0000000701100000, 0x0000000701100000|100%| O|  |TAMS 0x0000000701000000, 0x0000000701000000| Untracked 
|  17|0x0000000701100000, 0x0000000701200000, 0x0000000701200000|100%| O|  |TAMS 0x0000000701100000, 0x0000000701100000| Untracked 
|  18|0x0000000701200000, 0x0000000701300000, 0x0000000701300000|100%| O|  |TAMS 0x0000000701200000, 0x0000000701200000| Untracked 
|  19|0x0000000701300000, 0x0000000701400000, 0x0000000701400000|100%| O|  |TAMS 0x0000000701300000, 0x0000000701300000| Untracked 
|  20|0x0000000701400000, 0x0000000701500000, 0x0000000701500000|100%| O|  |TAMS 0x0000000701400000, 0x0000000701400000| Untracked 
|  21|0x0000000701500000, 0x0000000701600000, 0x0000000701600000|100%| O|  |TAMS 0x0000000701500000, 0x0000000701500000| Untracked 
|  22|0x0000000701600000, 0x0000000701700000, 0x0000000701700000|100%| O|  |TAMS 0x0000000701600000, 0x0000000701600000| Untracked 
|  23|0x0000000701700000, 0x00000007017bf400, 0x0000000701800000| 74%| O|  |TAMS 0x0000000701700000, 0x0000000701700000| Untracked 
|  24|0x0000000701800000, 0x0000000701900000, 0x0000000701900000|100%|HS|  |TAMS 0x0000000701800000, 0x0000000701800000| Complete 
|  25|0x0000000701900000, 0x0000000701a00000, 0x0000000701a00000|100%|HC|  |TAMS 0x0000000701900000, 0x0000000701900000| Complete 
|  26|0x0000000701a00000, 0x0000000701b00000, 0x0000000701b00000|100%|HS|  |TAMS 0x0000000701a00000, 0x0000000701a00000| Complete 
|  27|0x0000000701b00000, 0x0000000701c00000, 0x0000000701c00000|100%|HC|  |TAMS 0x0000000701b00000, 0x0000000701b00000| Complete 
|  28|0x0000000701c00000, 0x0000000701d00000, 0x0000000701d00000|100%|HS|  |TAMS 0x0000000701c00000, 0x0000000701c00000| Complete 
|  29|0x0000000701d00000, 0x0000000701e00000, 0x0000000701e00000|100%|HC|  |TAMS 0x0000000701d00000, 0x0000000701d00000| Complete 
|  30|0x0000000701e00000, 0x0000000701f00000, 0x0000000701f00000|100%|HS|  |TAMS 0x0000000701e00000, 0x0000000701e00000| Complete 
|  31|0x0000000701f00000, 0x0000000702000000, 0x0000000702000000|100%|HC|  |TAMS 0x0000000701f00000, 0x0000000701f00000| Complete 
|  32|0x0000000702000000, 0x0000000702000000, 0x0000000702100000|  0%| F|  |TAMS 0x0000000702000000, 0x0000000702000000| Untracked 
|  33|0x0000000702100000, 0x0000000702100000, 0x0000000702200000|  0%| F|  |TAMS 0x0000000702100000, 0x0000000702100000| Untracked 
|  34|0x0000000702200000, 0x0000000702300000, 0x0000000702300000|100%|HS|  |TAMS 0x0000000702200000, 0x0000000702200000| Complete 
|  35|0x0000000702300000, 0x0000000702400000, 0x0000000702400000|100%|HC|  |TAMS 0x0000000702300000, 0x0000000702300000| Complete 
|  36|0x0000000702400000, 0x0000000702500000, 0x0000000702500000|100%|HS|  |TAMS 0x0000000702400000, 0x0000000702400000| Complete 
|  37|0x0000000702500000, 0x0000000702600000, 0x0000000702600000|100%|HC|  |TAMS 0x0000000702500000, 0x0000000702500000| Complete 
|  38|0x0000000702600000, 0x0000000702600000, 0x0000000702700000|  0%| F|  |TAMS 0x0000000702600000, 0x0000000702600000| Untracked 
|  39|0x0000000702700000, 0x0000000702700000, 0x0000000702800000|  0%| F|  |TAMS 0x0000000702700000, 0x0000000702700000| Untracked 
|  40|0x0000000702800000, 0x0000000702800000, 0x0000000702900000|  0%| F|  |TAMS 0x0000000702800000, 0x0000000702800000| Untracked 
|  41|0x0000000702900000, 0x0000000702900000, 0x0000000702a00000|  0%| F|  |TAMS 0x0000000702900000, 0x0000000702900000| Untracked 
|  42|0x0000000702a00000, 0x0000000702b00000, 0x0000000702b00000|100%|HS|  |TAMS 0x0000000702a00000, 0x0000000702a00000| Complete 
|  43|0x0000000702b00000, 0x0000000702c00000, 0x0000000702c00000|100%|HC|  |TAMS 0x0000000702b00000, 0x0000000702b00000| Complete 
|  44|0x0000000702c00000, 0x0000000702c00000, 0x0000000702d00000|  0%| F|  |TAMS 0x0000000702c00000, 0x0000000702c00000| Untracked 
|  45|0x0000000702d00000, 0x0000000702d00000, 0x0000000702e00000|  0%| F|  |TAMS 0x0000000702d00000, 0x0000000702d00000| Untracked 
|  46|0x0000000702e00000, 0x0000000702f00000, 0x0000000702f00000|100%|HS|  |TAMS 0x0000000702e00000, 0x0000000702e00000| Complete 
|  47|0x0000000702f00000, 0x0000000703000000, 0x0000000703000000|100%|HC|  |TAMS 0x0000000702f00000, 0x0000000702f00000| Complete 
|  48|0x0000000703000000, 0x0000000703000000, 0x0000000703100000|  0%| F|  |TAMS 0x0000000703000000, 0x0000000703000000| Untracked 
|  49|0x0000000703100000, 0x0000000703100000, 0x0000000703200000|  0%| F|  |TAMS 0x0000000703100000, 0x0000000703100000| Untracked 
|  50|0x0000000703200000, 0x0000000703300000, 0x0000000703300000|100%|HS|  |TAMS 0x0000000703200000, 0x0000000703200000| Complete 
|  51|0x0000000703300000, 0x0000000703400000, 0x0000000703400000|100%|HC|  |TAMS 0x0000000703300000, 0x0000000703300000| Complete 
|  52|0x0000000703400000, 0x0000000703400000, 0x0000000703500000|  0%| F|  |TAMS 0x0000000703400000, 0x0000000703400000| Untracked 
|  53|0x0000000703500000, 0x0000000703500000, 0x0000000703600000|  0%| F|  |TAMS 0x0000000703500000, 0x0000000703500000| Untracked 
|  54|0x0000000703600000, 0x0000000703600000, 0x0000000703700000|  0%| F|  |TAMS 0x0000000703600000, 0x0000000703600000| Untracked 
|  55|0x0000000703700000, 0x0000000703700000, 0x0000000703800000|  0%| F|  |TAMS 0x0000000703700000, 0x0000000703700000| Untracked 
|  56|0x0000000703800000, 0x0000000703800000, 0x0000000703900000|  0%| F|  |TAMS 0x0000000703800000, 0x0000000703800000| Untracked 
|  57|0x0000000703900000, 0x0000000703900000, 0x0000000703a00000|  0%| F|  |TAMS 0x0000000703900000, 0x0000000703900000| Untracked 
|  58|0x0000000703a00000, 0x0000000703a00000, 0x0000000703b00000|  0%| F|  |TAMS 0x0000000703a00000, 0x0000000703a00000| Untracked 
|  59|0x0000000703b00000, 0x0000000703b00000, 0x0000000703c00000|  0%| F|  |TAMS 0x0000000703b00000, 0x0000000703b00000| Untracked 
|  60|0x0000000703c00000, 0x0000000703c00000, 0x0000000703d00000|  0%| F|  |TAMS 0x0000000703c00000, 0x0000000703c00000| Untracked 
|  61|0x0000000703d00000, 0x0000000703d00000, 0x0000000703e00000|  0%| F|  |TAMS 0x0000000703d00000, 0x0000000703d00000| Untracked 
|  62|0x0000000703e00000, 0x0000000703e00000, 0x0000000703f00000|  0%| F|  |TAMS 0x0000000703e00000, 0x0000000703e00000| Untracked 
|  63|0x0000000703f00000, 0x0000000703f00000, 0x0000000704000000|  0%| F|  |TAMS 0x0000000703f00000, 0x0000000703f00000| Untracked 
|  64|0x0000000704000000, 0x0000000704000000, 0x0000000704100000|  0%| F|  |TAMS 0x0000000704000000, 0x0000000704000000| Untracked 
|  65|0x0000000704100000, 0x0000000704100000, 0x0000000704200000|  0%| F|  |TAMS 0x0000000704100000, 0x0000000704100000| Untracked 
|  66|0x0000000704200000, 0x0000000704200000, 0x0000000704300000|  0%| F|  |TAMS 0x0000000704200000, 0x0000000704200000| Untracked 
|  67|0x0000000704300000, 0x0000000704300000, 0x0000000704400000|  0%| F|  |TAMS 0x0000000704300000, 0x0000000704300000| Untracked 
|  68|0x0000000704400000, 0x0000000704400000, 0x0000000704500000|  0%| F|  |TAMS 0x0000000704400000, 0x0000000704400000| Untracked 
|  69|0x0000000704500000, 0x0000000704500000, 0x0000000704600000|  0%| F|  |TAMS 0x0000000704500000, 0x0000000704500000| Untracked 
|  70|0x0000000704600000, 0x0000000704600000, 0x0000000704700000|  0%| F|  |TAMS 0x0000000704600000, 0x0000000704600000| Untracked 
|  71|0x0000000704700000, 0x0000000704700000, 0x0000000704800000|  0%| F|  |TAMS 0x0000000704700000, 0x0000000704700000| Untracked 
|  72|0x0000000704800000, 0x0000000704800000, 0x0000000704900000|  0%| F|  |TAMS 0x0000000704800000, 0x0000000704800000| Untracked 
|  73|0x0000000704900000, 0x0000000704900000, 0x0000000704a00000|  0%| F|  |TAMS 0x0000000704900000, 0x0000000704900000| Untracked 
|  74|0x0000000704a00000, 0x0000000704a00000, 0x0000000704b00000|  0%| F|  |TAMS 0x0000000704a00000, 0x0000000704a00000| Untracked 
|  75|0x0000000704b00000, 0x0000000704b00000, 0x0000000704c00000|  0%| F|  |TAMS 0x0000000704b00000, 0x0000000704b00000| Untracked 
|  76|0x0000000704c00000, 0x0000000704c00000, 0x0000000704d00000|  0%| F|  |TAMS 0x0000000704c00000, 0x0000000704c00000| Untracked 
|  77|0x0000000704d00000, 0x0000000704d00000, 0x0000000704e00000|  0%| F|  |TAMS 0x0000000704d00000, 0x0000000704d00000| Untracked 
|  78|0x0000000704e00000, 0x0000000704e00000, 0x0000000704f00000|  0%| F|  |TAMS 0x0000000704e00000, 0x0000000704e00000| Untracked 
|  79|0x0000000704f00000, 0x0000000704f00000, 0x0000000705000000|  0%| F|  |TAMS 0x0000000704f00000, 0x0000000704f00000| Untracked 
|  80|0x0000000705000000, 0x0000000705000000, 0x0000000705100000|  0%| F|  |TAMS 0x0000000705000000, 0x0000000705000000| Untracked 
|  81|0x0000000705100000, 0x0000000705100000, 0x0000000705200000|  0%| F|  |TAMS 0x0000000705100000, 0x0000000705100000| Untracked 
|  82|0x0000000705200000, 0x0000000705200000, 0x0000000705300000|  0%| F|  |TAMS 0x0000000705200000, 0x0000000705200000| Untracked 
|  83|0x0000000705300000, 0x0000000705300000, 0x0000000705400000|  0%| F|  |TAMS 0x0000000705300000, 0x0000000705300000| Untracked 
|  84|0x0000000705400000, 0x0000000705400000, 0x0000000705500000|  0%| F|  |TAMS 0x0000000705400000, 0x0000000705400000| Untracked 
|  85|0x0000000705500000, 0x0000000705500000, 0x0000000705600000|  0%| F|  |TAMS 0x0000000705500000, 0x0000000705500000| Untracked 
|  86|0x0000000705600000, 0x0000000705600000, 0x0000000705700000|  0%| F|  |TAMS 0x0000000705600000, 0x0000000705600000| Untracked 
|  87|0x0000000705700000, 0x0000000705700000, 0x0000000705800000|  0%| F|  |TAMS 0x0000000705700000, 0x0000000705700000| Untracked 
|  88|0x0000000705800000, 0x0000000705800000, 0x0000000705900000|  0%| F|  |TAMS 0x0000000705800000, 0x0000000705800000| Untracked 
|  89|0x0000000705900000, 0x0000000705900000, 0x0000000705a00000|  0%| F|  |TAMS 0x0000000705900000, 0x0000000705900000| Untracked 
|  90|0x0000000705a00000, 0x0000000705a00000, 0x0000000705b00000|  0%| F|  |TAMS 0x0000000705a00000, 0x0000000705a00000| Untracked 
|  91|0x0000000705b00000, 0x0000000705b00000, 0x0000000705c00000|  0%| F|  |TAMS 0x0000000705b00000, 0x0000000705b00000| Untracked 
|  92|0x0000000705c00000, 0x0000000705c00000, 0x0000000705d00000|  0%| F|  |TAMS 0x0000000705c00000, 0x0000000705c00000| Untracked 
|  93|0x0000000705d00000, 0x0000000705d00000, 0x0000000705e00000|  0%| F|  |TAMS 0x0000000705d00000, 0x0000000705d00000| Untracked 
|  94|0x0000000705e00000, 0x0000000705e00000, 0x0000000705f00000|  0%| F|  |TAMS 0x0000000705e00000, 0x0000000705e00000| Untracked 
|  95|0x0000000705f00000, 0x0000000705f00000, 0x0000000706000000|  0%| F|  |TAMS 0x0000000705f00000, 0x0000000705f00000| Untracked 
|  96|0x0000000706000000, 0x0000000706000000, 0x0000000706100000|  0%| F|  |TAMS 0x0000000706000000, 0x0000000706000000| Untracked 
|  97|0x0000000706100000, 0x0000000706100000, 0x0000000706200000|  0%| F|  |TAMS 0x0000000706100000, 0x0000000706100000| Untracked 
|  98|0x0000000706200000, 0x0000000706200000, 0x0000000706300000|  0%| F|  |TAMS 0x0000000706200000, 0x0000000706200000| Untracked 
|  99|0x0000000706300000, 0x0000000706400000, 0x0000000706400000|100%| S|CS|TAMS 0x0000000706300000, 0x0000000706300000| Complete 
| 100|0x0000000706400000, 0x0000000706400000, 0x0000000706500000|  0%| F|  |TAMS 0x0000000706400000, 0x0000000706400000| Untracked 
| 101|0x0000000706500000, 0x0000000706500000, 0x0000000706600000|  0%| F|  |TAMS 0x0000000706500000, 0x0000000706500000| Untracked 
| 102|0x0000000706600000, 0x0000000706700000, 0x0000000706700000|100%| S|CS|TAMS 0x0000000706600000, 0x0000000706600000| Complete 
| 103|0x0000000706700000, 0x0000000706700000, 0x0000000706800000|  0%| F|  |TAMS 0x0000000706700000, 0x0000000706700000| Untracked 
| 104|0x0000000706800000, 0x0000000706900000, 0x0000000706900000|100%| S|CS|TAMS 0x0000000706800000, 0x0000000706800000| Complete 
| 105|0x0000000706900000, 0x0000000706a00000, 0x0000000706a00000|100%| S|CS|TAMS 0x0000000706900000, 0x0000000706900000| Complete 
| 106|0x0000000706a00000, 0x0000000706a00000, 0x0000000706b00000|  0%| F|  |TAMS 0x0000000706a00000, 0x0000000706a00000| Untracked 
| 107|0x0000000706b00000, 0x0000000706b00000, 0x0000000706c00000|  0%| F|  |TAMS 0x0000000706b00000, 0x0000000706b00000| Untracked 
| 108|0x0000000706c00000, 0x0000000706c00000, 0x0000000706d00000|  0%| F|  |TAMS 0x0000000706c00000, 0x0000000706c00000| Untracked 
| 109|0x0000000706d00000, 0x0000000706d00000, 0x0000000706e00000|  0%| F|  |TAMS 0x0000000706d00000, 0x0000000706d00000| Untracked 
| 110|0x0000000706e00000, 0x0000000706e00000, 0x0000000706f00000|  0%| F|  |TAMS 0x0000000706e00000, 0x0000000706e00000| Untracked 
| 111|0x0000000706f00000, 0x0000000706f00000, 0x0000000707000000|  0%| F|  |TAMS 0x0000000706f00000, 0x0000000706f00000| Untracked 
| 112|0x0000000707000000, 0x0000000707000000, 0x0000000707100000|  0%| F|  |TAMS 0x0000000707000000, 0x0000000707000000| Untracked 
| 113|0x0000000707100000, 0x0000000707100000, 0x0000000707200000|  0%| F|  |TAMS 0x0000000707100000, 0x0000000707100000| Untracked 
| 114|0x0000000707200000, 0x0000000707200000, 0x0000000707300000|  0%| F|  |TAMS 0x0000000707200000, 0x0000000707200000| Untracked 
| 115|0x0000000707300000, 0x0000000707300000, 0x0000000707400000|  0%| F|  |TAMS 0x0000000707300000, 0x0000000707300000| Untracked 
| 116|0x0000000707400000, 0x0000000707400000, 0x0000000707500000|  0%| F|  |TAMS 0x0000000707400000, 0x0000000707400000| Untracked 
| 117|0x0000000707500000, 0x0000000707500000, 0x0000000707600000|  0%| F|  |TAMS 0x0000000707500000, 0x0000000707500000| Untracked 
| 118|0x0000000707600000, 0x0000000707600000, 0x0000000707700000|  0%| F|  |TAMS 0x0000000707600000, 0x0000000707600000| Untracked 
| 119|0x0000000707700000, 0x0000000707700000, 0x0000000707800000|  0%| F|  |TAMS 0x0000000707700000, 0x0000000707700000| Untracked 
| 120|0x0000000707800000, 0x0000000707800000, 0x0000000707900000|  0%| F|  |TAMS 0x0000000707800000, 0x0000000707800000| Untracked 
| 121|0x0000000707900000, 0x0000000707900000, 0x0000000707a00000|  0%| F|  |TAMS 0x0000000707900000, 0x0000000707900000| Untracked 
| 122|0x0000000707a00000, 0x0000000707a00000, 0x0000000707b00000|  0%| F|  |TAMS 0x0000000707a00000, 0x0000000707a00000| Untracked 
| 123|0x0000000707b00000, 0x0000000707b00000, 0x0000000707c00000|  0%| F|  |TAMS 0x0000000707b00000, 0x0000000707b00000| Untracked 
| 124|0x0000000707c00000, 0x0000000707c00000, 0x0000000707d00000|  0%| F|  |TAMS 0x0000000707c00000, 0x0000000707c00000| Untracked 
| 125|0x0000000707d00000, 0x0000000707d00000, 0x0000000707e00000|  0%| F|  |TAMS 0x0000000707d00000, 0x0000000707d00000| Untracked 
| 126|0x0000000707e00000, 0x0000000707e00000, 0x0000000707f00000|  0%| F|  |TAMS 0x0000000707e00000, 0x0000000707e00000| Untracked 
| 127|0x0000000707f00000, 0x0000000707f00000, 0x0000000708000000|  0%| F|  |TAMS 0x0000000707f00000, 0x0000000707f00000| Untracked 
| 128|0x0000000708000000, 0x0000000708000000, 0x0000000708100000|  0%| F|  |TAMS 0x0000000708000000, 0x0000000708000000| Untracked 
| 129|0x0000000708100000, 0x0000000708100000, 0x0000000708200000|  0%| F|  |TAMS 0x0000000708100000, 0x0000000708100000| Untracked 
| 130|0x0000000708200000, 0x0000000708200000, 0x0000000708300000|  0%| F|  |TAMS 0x0000000708200000, 0x0000000708200000| Untracked 
| 131|0x0000000708300000, 0x0000000708300000, 0x0000000708400000|  0%| F|  |TAMS 0x0000000708300000, 0x0000000708300000| Untracked 
| 132|0x0000000708400000, 0x0000000708400000, 0x0000000708500000|  0%| F|  |TAMS 0x0000000708400000, 0x0000000708400000| Untracked 
| 133|0x0000000708500000, 0x0000000708500000, 0x0000000708600000|  0%| F|  |TAMS 0x0000000708500000, 0x0000000708500000| Untracked 
| 134|0x0000000708600000, 0x0000000708600000, 0x0000000708700000|  0%| F|  |TAMS 0x0000000708600000, 0x0000000708600000| Untracked 
| 135|0x0000000708700000, 0x0000000708700000, 0x0000000708800000|  0%| F|  |TAMS 0x0000000708700000, 0x0000000708700000| Untracked 
| 136|0x0000000708800000, 0x0000000708800000, 0x0000000708900000|  0%| F|  |TAMS 0x0000000708800000, 0x0000000708800000| Untracked 
| 137|0x0000000708900000, 0x0000000708900000, 0x0000000708a00000|  0%| F|  |TAMS 0x0000000708900000, 0x0000000708900000| Untracked 
| 138|0x0000000708a00000, 0x0000000708a00000, 0x0000000708b00000|  0%| F|  |TAMS 0x0000000708a00000, 0x0000000708a00000| Untracked 
| 139|0x0000000708b00000, 0x0000000708b00000, 0x0000000708c00000|  0%| F|  |TAMS 0x0000000708b00000, 0x0000000708b00000| Untracked 
| 140|0x0000000708c00000, 0x0000000708c00000, 0x0000000708d00000|  0%| F|  |TAMS 0x0000000708c00000, 0x0000000708c00000| Untracked 
| 141|0x0000000708d00000, 0x0000000708d00000, 0x0000000708e00000|  0%| F|  |TAMS 0x0000000708d00000, 0x0000000708d00000| Untracked 
| 142|0x0000000708e00000, 0x0000000708e00000, 0x0000000708f00000|  0%| F|  |TAMS 0x0000000708e00000, 0x0000000708e00000| Untracked 
| 143|0x0000000708f00000, 0x0000000708f00000, 0x0000000709000000|  0%| F|  |TAMS 0x0000000708f00000, 0x0000000708f00000| Untracked 
| 144|0x0000000709000000, 0x0000000709000000, 0x0000000709100000|  0%| F|  |TAMS 0x0000000709000000, 0x0000000709000000| Untracked 
| 145|0x0000000709100000, 0x0000000709100000, 0x0000000709200000|  0%| F|  |TAMS 0x0000000709100000, 0x0000000709100000| Untracked 
| 146|0x0000000709200000, 0x0000000709200000, 0x0000000709300000|  0%| F|  |TAMS 0x0000000709200000, 0x0000000709200000| Untracked 
| 147|0x0000000709300000, 0x0000000709300000, 0x0000000709400000|  0%| F|  |TAMS 0x0000000709300000, 0x0000000709300000| Untracked 
| 148|0x0000000709400000, 0x0000000709400000, 0x0000000709500000|  0%| F|  |TAMS 0x0000000709400000, 0x0000000709400000| Untracked 
| 149|0x0000000709500000, 0x0000000709500000, 0x0000000709600000|  0%| F|  |TAMS 0x0000000709500000, 0x0000000709500000| Untracked 
| 150|0x0000000709600000, 0x0000000709600000, 0x0000000709700000|  0%| F|  |TAMS 0x0000000709600000, 0x0000000709600000| Untracked 
| 151|0x0000000709700000, 0x0000000709700000, 0x0000000709800000|  0%| F|  |TAMS 0x0000000709700000, 0x0000000709700000| Untracked 
| 152|0x0000000709800000, 0x0000000709800000, 0x0000000709900000|  0%| F|  |TAMS 0x0000000709800000, 0x0000000709800000| Untracked 
| 153|0x0000000709900000, 0x0000000709900000, 0x0000000709a00000|  0%| F|  |TAMS 0x0000000709900000, 0x0000000709900000| Untracked 
| 154|0x0000000709a00000, 0x0000000709a00000, 0x0000000709b00000|  0%| F|  |TAMS 0x0000000709a00000, 0x0000000709a00000| Untracked 
| 155|0x0000000709b00000, 0x0000000709b00000, 0x0000000709c00000|  0%| F|  |TAMS 0x0000000709b00000, 0x0000000709b00000| Untracked 
| 156|0x0000000709c00000, 0x0000000709c00000, 0x0000000709d00000|  0%| F|  |TAMS 0x0000000709c00000, 0x0000000709c00000| Untracked 
| 157|0x0000000709d00000, 0x0000000709d00000, 0x0000000709e00000|  0%| F|  |TAMS 0x0000000709d00000, 0x0000000709d00000| Untracked 
| 158|0x0000000709e00000, 0x0000000709e00000, 0x0000000709f00000|  0%| F|  |TAMS 0x0000000709e00000, 0x0000000709e00000| Untracked 
| 159|0x0000000709f00000, 0x0000000709f00000, 0x000000070a000000|  0%| F|  |TAMS 0x0000000709f00000, 0x0000000709f00000| Untracked 
| 160|0x000000070a000000, 0x000000070a000000, 0x000000070a100000|  0%| F|  |TAMS 0x000000070a000000, 0x000000070a000000| Untracked 
| 161|0x000000070a100000, 0x000000070a100000, 0x000000070a200000|  0%| F|  |TAMS 0x000000070a100000, 0x000000070a100000| Untracked 
| 162|0x000000070a200000, 0x000000070a200000, 0x000000070a300000|  0%| F|  |TAMS 0x000000070a200000, 0x000000070a200000| Untracked 
| 163|0x000000070a300000, 0x000000070a300000, 0x000000070a400000|  0%| F|  |TAMS 0x000000070a300000, 0x000000070a300000| Untracked 
| 164|0x000000070a400000, 0x000000070a400000, 0x000000070a500000|  0%| F|  |TAMS 0x000000070a400000, 0x000000070a400000| Untracked 
| 165|0x000000070a500000, 0x000000070a500000, 0x000000070a600000|  0%| F|  |TAMS 0x000000070a500000, 0x000000070a500000| Untracked 
| 166|0x000000070a600000, 0x000000070a600000, 0x000000070a700000|  0%| F|  |TAMS 0x000000070a600000, 0x000000070a600000| Untracked 
| 167|0x000000070a700000, 0x000000070a700000, 0x000000070a800000|  0%| F|  |TAMS 0x000000070a700000, 0x000000070a700000| Untracked 
| 168|0x000000070a800000, 0x000000070a800000, 0x000000070a900000|  0%| F|  |TAMS 0x000000070a800000, 0x000000070a800000| Untracked 
| 169|0x000000070a900000, 0x000000070a900000, 0x000000070aa00000|  0%| F|  |TAMS 0x000000070a900000, 0x000000070a900000| Untracked 
| 170|0x000000070aa00000, 0x000000070aa00000, 0x000000070ab00000|  0%| F|  |TAMS 0x000000070aa00000, 0x000000070aa00000| Untracked 
| 171|0x000000070ab00000, 0x000000070ab00000, 0x000000070ac00000|  0%| F|  |TAMS 0x000000070ab00000, 0x000000070ab00000| Untracked 
| 172|0x000000070ac00000, 0x000000070ac00000, 0x000000070ad00000|  0%| F|  |TAMS 0x000000070ac00000, 0x000000070ac00000| Untracked 
| 173|0x000000070ad00000, 0x000000070ad00000, 0x000000070ae00000|  0%| F|  |TAMS 0x000000070ad00000, 0x000000070ad00000| Untracked 
| 174|0x000000070ae00000, 0x000000070ae00000, 0x000000070af00000|  0%| F|  |TAMS 0x000000070ae00000, 0x000000070ae00000| Untracked 
| 175|0x000000070af00000, 0x000000070af00000, 0x000000070b000000|  0%| F|  |TAMS 0x000000070af00000, 0x000000070af00000| Untracked 
| 176|0x000000070b000000, 0x000000070b000000, 0x000000070b100000|  0%| F|  |TAMS 0x000000070b000000, 0x000000070b000000| Untracked 
| 177|0x000000070b100000, 0x000000070b100000, 0x000000070b200000|  0%| F|  |TAMS 0x000000070b100000, 0x000000070b100000| Untracked 
| 178|0x000000070b200000, 0x000000070b200000, 0x000000070b300000|  0%| F|  |TAMS 0x000000070b200000, 0x000000070b200000| Untracked 
| 179|0x000000070b300000, 0x000000070b300000, 0x000000070b400000|  0%| F|  |TAMS 0x000000070b300000, 0x000000070b300000| Untracked 
| 180|0x000000070b400000, 0x000000070b400000, 0x000000070b500000|  0%| F|  |TAMS 0x000000070b400000, 0x000000070b400000| Untracked 
| 181|0x000000070b500000, 0x000000070b500000, 0x000000070b600000|  0%| F|  |TAMS 0x000000070b500000, 0x000000070b500000| Untracked 
| 182|0x000000070b600000, 0x000000070b600000, 0x000000070b700000|  0%| F|  |TAMS 0x000000070b600000, 0x000000070b600000| Untracked 
| 183|0x000000070b700000, 0x000000070b700000, 0x000000070b800000|  0%| F|  |TAMS 0x000000070b700000, 0x000000070b700000| Untracked 
| 184|0x000000070b800000, 0x000000070b800000, 0x000000070b900000|  0%| F|  |TAMS 0x000000070b800000, 0x000000070b800000| Untracked 
| 185|0x000000070b900000, 0x000000070b900000, 0x000000070ba00000|  0%| F|  |TAMS 0x000000070b900000, 0x000000070b900000| Untracked 
| 186|0x000000070ba00000, 0x000000070ba00000, 0x000000070bb00000|  0%| F|  |TAMS 0x000000070ba00000, 0x000000070ba00000| Untracked 
| 187|0x000000070bb00000, 0x000000070bb00000, 0x000000070bc00000|  0%| F|  |TAMS 0x000000070bb00000, 0x000000070bb00000| Untracked 
| 188|0x000000070bc00000, 0x000000070bc00000, 0x000000070bd00000|  0%| F|  |TAMS 0x000000070bc00000, 0x000000070bc00000| Untracked 
| 189|0x000000070bd00000, 0x000000070bd00000, 0x000000070be00000|  0%| F|  |TAMS 0x000000070bd00000, 0x000000070bd00000| Untracked 
| 190|0x000000070be00000, 0x000000070be00000, 0x000000070bf00000|  0%| F|  |TAMS 0x000000070be00000, 0x000000070be00000| Untracked 
| 191|0x000000070bf00000, 0x000000070bf00000, 0x000000070c000000|  0%| F|  |TAMS 0x000000070bf00000, 0x000000070bf00000| Untracked 
| 192|0x000000070c000000, 0x000000070c000000, 0x000000070c100000|  0%| F|  |TAMS 0x000000070c000000, 0x000000070c000000| Untracked 
| 193|0x000000070c100000, 0x000000070c100000, 0x000000070c200000|  0%| F|  |TAMS 0x000000070c100000, 0x000000070c100000| Untracked 
| 194|0x000000070c200000, 0x000000070c200000, 0x000000070c300000|  0%| F|  |TAMS 0x000000070c200000, 0x000000070c200000| Untracked 
| 195|0x000000070c300000, 0x000000070c300000, 0x000000070c400000|  0%| F|  |TAMS 0x000000070c300000, 0x000000070c300000| Untracked 
| 196|0x000000070c400000, 0x000000070c400000, 0x000000070c500000|  0%| F|  |TAMS 0x000000070c400000, 0x000000070c400000| Untracked 
| 197|0x000000070c500000, 0x000000070c500000, 0x000000070c600000|  0%| F|  |TAMS 0x000000070c500000, 0x000000070c500000| Untracked 
| 198|0x000000070c600000, 0x000000070c600000, 0x000000070c700000|  0%| F|  |TAMS 0x000000070c600000, 0x000000070c600000| Untracked 
| 199|0x000000070c700000, 0x000000070c700000, 0x000000070c800000|  0%| F|  |TAMS 0x000000070c700000, 0x000000070c700000| Untracked 
| 200|0x000000070c800000, 0x000000070c800000, 0x000000070c900000|  0%| F|  |TAMS 0x000000070c800000, 0x000000070c800000| Untracked 
| 201|0x000000070c900000, 0x000000070c900000, 0x000000070ca00000|  0%| F|  |TAMS 0x000000070c900000, 0x000000070c900000| Untracked 
| 202|0x000000070ca00000, 0x000000070ca00000, 0x000000070cb00000|  0%| F|  |TAMS 0x000000070ca00000, 0x000000070ca00000| Untracked 
| 203|0x000000070cb00000, 0x000000070cb00000, 0x000000070cc00000|  0%| F|  |TAMS 0x000000070cb00000, 0x000000070cb00000| Untracked 
| 204|0x000000070cc00000, 0x000000070cc00000, 0x000000070cd00000|  0%| F|  |TAMS 0x000000070cc00000, 0x000000070cc00000| Untracked 
| 205|0x000000070cd00000, 0x000000070cdaa0a8, 0x000000070ce00000| 66%| E|  |TAMS 0x000000070cd00000, 0x000000070cd00000| Complete 
| 206|0x000000070ce00000, 0x000000070cf00000, 0x000000070cf00000|100%| E|CS|TAMS 0x000000070ce00000, 0x000000070ce00000| Complete 
| 207|0x000000070cf00000, 0x000000070d000000, 0x000000070d000000|100%| E|CS|TAMS 0x000000070cf00000, 0x000000070cf00000| Complete 
| 208|0x000000070d000000, 0x000000070d100000, 0x000000070d100000|100%| E|CS|TAMS 0x000000070d000000, 0x000000070d000000| Complete 
| 209|0x000000070d100000, 0x000000070d200000, 0x000000070d200000|100%| E|CS|TAMS 0x000000070d100000, 0x000000070d100000| Complete 
| 210|0x000000070d200000, 0x000000070d300000, 0x000000070d300000|100%| E|CS|TAMS 0x000000070d200000, 0x000000070d200000| Complete 
| 211|0x000000070d300000, 0x000000070d400000, 0x000000070d400000|100%| E|CS|TAMS 0x000000070d300000, 0x000000070d300000| Complete 
| 212|0x000000070d400000, 0x000000070d500000, 0x000000070d500000|100%| E|CS|TAMS 0x000000070d400000, 0x000000070d400000| Complete 
| 213|0x000000070d500000, 0x000000070d600000, 0x000000070d600000|100%| E|CS|TAMS 0x000000070d500000, 0x000000070d500000| Complete 
| 214|0x000000070d600000, 0x000000070d700000, 0x000000070d700000|100%| E|CS|TAMS 0x000000070d600000, 0x000000070d600000| Complete 
| 215|0x000000070d700000, 0x000000070d800000, 0x000000070d800000|100%| E|CS|TAMS 0x000000070d700000, 0x000000070d700000| Complete 
| 216|0x000000070d800000, 0x000000070d900000, 0x000000070d900000|100%| E|CS|TAMS 0x000000070d800000, 0x000000070d800000| Complete 
| 217|0x000000070d900000, 0x000000070da00000, 0x000000070da00000|100%| E|CS|TAMS 0x000000070d900000, 0x000000070d900000| Complete 
| 218|0x000000070da00000, 0x000000070db00000, 0x000000070db00000|100%| E|CS|TAMS 0x000000070da00000, 0x000000070da00000| Complete 
| 219|0x000000070db00000, 0x000000070dc00000, 0x000000070dc00000|100%| E|CS|TAMS 0x000000070db00000, 0x000000070db00000| Complete 
| 220|0x000000070dc00000, 0x000000070dd00000, 0x000000070dd00000|100%| E|CS|TAMS 0x000000070dc00000, 0x000000070dc00000| Complete 
| 221|0x000000070dd00000, 0x000000070de00000, 0x000000070de00000|100%| E|CS|TAMS 0x000000070dd00000, 0x000000070dd00000| Complete 
| 222|0x000000070de00000, 0x000000070df00000, 0x000000070df00000|100%| E|CS|TAMS 0x000000070de00000, 0x000000070de00000| Complete 
| 223|0x000000070df00000, 0x000000070e000000, 0x000000070e000000|100%| E|CS|TAMS 0x000000070df00000, 0x000000070df00000| Complete 
| 224|0x000000070e000000, 0x000000070e100000, 0x000000070e100000|100%| E|CS|TAMS 0x000000070e000000, 0x000000070e000000| Complete 
| 225|0x000000070e100000, 0x000000070e200000, 0x000000070e200000|100%| E|CS|TAMS 0x000000070e100000, 0x000000070e100000| Complete 
| 226|0x000000070e200000, 0x000000070e300000, 0x000000070e300000|100%| E|CS|TAMS 0x000000070e200000, 0x000000070e200000| Complete 
| 227|0x000000070e300000, 0x000000070e400000, 0x000000070e400000|100%| E|CS|TAMS 0x000000070e300000, 0x000000070e300000| Complete 
| 228|0x000000070e400000, 0x000000070e500000, 0x000000070e500000|100%| E|CS|TAMS 0x000000070e400000, 0x000000070e400000| Complete 
| 229|0x000000070e500000, 0x000000070e600000, 0x000000070e600000|100%| E|CS|TAMS 0x000000070e500000, 0x000000070e500000| Complete 
| 230|0x000000070e600000, 0x000000070e700000, 0x000000070e700000|100%| E|CS|TAMS 0x000000070e600000, 0x000000070e600000| Complete 
| 231|0x000000070e700000, 0x000000070e800000, 0x000000070e800000|100%| E|CS|TAMS 0x000000070e700000, 0x000000070e700000| Complete 
| 232|0x000000070e800000, 0x000000070e900000, 0x000000070e900000|100%| E|CS|TAMS 0x000000070e800000, 0x000000070e800000| Complete 
| 233|0x000000070e900000, 0x000000070ea00000, 0x000000070ea00000|100%| E|CS|TAMS 0x000000070e900000, 0x000000070e900000| Complete 
| 234|0x000000070ea00000, 0x000000070eb00000, 0x000000070eb00000|100%| E|CS|TAMS 0x000000070ea00000, 0x000000070ea00000| Complete 
| 235|0x000000070eb00000, 0x000000070ec00000, 0x000000070ec00000|100%| E|CS|TAMS 0x000000070eb00000, 0x000000070eb00000| Complete 
| 236|0x000000070ec00000, 0x000000070ed00000, 0x000000070ed00000|100%| E|CS|TAMS 0x000000070ec00000, 0x000000070ec00000| Complete 
| 237|0x000000070ed00000, 0x000000070ee00000, 0x000000070ee00000|100%| E|CS|TAMS 0x000000070ed00000, 0x000000070ed00000| Complete 
| 238|0x000000070ee00000, 0x000000070ef00000, 0x000000070ef00000|100%| E|CS|TAMS 0x000000070ee00000, 0x000000070ee00000| Complete 
| 239|0x000000070ef00000, 0x000000070f000000, 0x000000070f000000|100%| E|CS|TAMS 0x000000070ef00000, 0x000000070ef00000| Complete 
| 240|0x000000070f000000, 0x000000070f100000, 0x000000070f100000|100%| E|CS|TAMS 0x000000070f000000, 0x000000070f000000| Complete 
| 241|0x000000070f100000, 0x000000070f200000, 0x000000070f200000|100%| E|CS|TAMS 0x000000070f100000, 0x000000070f100000| Complete 
| 242|0x000000070f200000, 0x000000070f300000, 0x000000070f300000|100%| E|CS|TAMS 0x000000070f200000, 0x000000070f200000| Complete 
| 243|0x000000070f300000, 0x000000070f400000, 0x000000070f400000|100%| E|CS|TAMS 0x000000070f300000, 0x000000070f300000| Complete 
| 244|0x000000070f400000, 0x000000070f500000, 0x000000070f500000|100%| E|CS|TAMS 0x000000070f400000, 0x000000070f400000| Complete 
| 245|0x000000070f500000, 0x000000070f600000, 0x000000070f600000|100%| E|CS|TAMS 0x000000070f500000, 0x000000070f500000| Complete 
| 246|0x000000070f600000, 0x000000070f700000, 0x000000070f700000|100%| E|CS|TAMS 0x000000070f600000, 0x000000070f600000| Complete 
| 247|0x000000070f700000, 0x000000070f800000, 0x000000070f800000|100%| E|CS|TAMS 0x000000070f700000, 0x000000070f700000| Complete 
| 248|0x000000070f800000, 0x000000070f900000, 0x000000070f900000|100%| E|CS|TAMS 0x000000070f800000, 0x000000070f800000| Complete 
| 249|0x000000070f900000, 0x000000070fa00000, 0x000000070fa00000|100%| E|CS|TAMS 0x000000070f900000, 0x000000070f900000| Complete 
| 250|0x000000070fa00000, 0x000000070fb00000, 0x000000070fb00000|100%| E|CS|TAMS 0x000000070fa00000, 0x000000070fa00000| Complete 
| 251|0x000000070fb00000, 0x000000070fc00000, 0x000000070fc00000|100%| E|CS|TAMS 0x000000070fb00000, 0x000000070fb00000| Complete 
| 252|0x000000070fc00000, 0x000000070fd00000, 0x000000070fd00000|100%| E|CS|TAMS 0x000000070fc00000, 0x000000070fc00000| Complete 
| 253|0x000000070fd00000, 0x000000070fe00000, 0x000000070fe00000|100%| E|CS|TAMS 0x000000070fd00000, 0x000000070fd00000| Complete 
| 254|0x000000070fe00000, 0x000000070ff00000, 0x000000070ff00000|100%| E|CS|TAMS 0x000000070fe00000, 0x000000070fe00000| Complete 
| 255|0x000000070ff00000, 0x0000000710000000, 0x0000000710000000|100%| E|CS|TAMS 0x000000070ff00000, 0x000000070ff00000| Complete 

Card table byte_map: [0x0000000110011000,0x0000000110811000] _byte_map_base: 0x000000010c811000

Marking Bits (Prev, Next): (CMBitMap*) 0x00007fa564035a18, (CMBitMap*) 0x00007fa564035a50
 Prev Bits: [0x00000001232d3000, 0x00000001272d3000)
 Next Bits: [0x00000001272d3000, 0x000000012b2d3000)

Polling page: 0x0000000104b7b000

Metaspace:

Usage:
  Non-class:     40.75 MB capacity,    40.21 MB ( 99%) used,   440.05 KB (  1%) free+waste,   114.56 KB ( <1%) overhead. 
      Class:      4.92 MB capacity,     4.55 MB ( 93%) used,   320.91 KB (  6%) free+waste,    50.94 KB (  1%) overhead. 
       Both:     45.67 MB capacity,    44.76 MB ( 98%) used,   760.95 KB (  2%) free+waste,   165.50 KB ( <1%) overhead. 

Virtual space:
  Non-class space:       42.00 MB reserved,      41.00 MB ( 98%) committed 
      Class space:        1.00 GB reserved,       5.00 MB ( <1%) committed 
             Both:        1.04 GB reserved,      46.00 MB (  4%) committed 

Chunk freelists:
   Non-Class:  29.62 KB
       Class:  0 bytes
        Both:  29.62 KB

CodeHeap 'non-profiled nmethods': size=120032Kb used=13067Kb max_used=13067Kb free=106964Kb
 bounds [0x000000011bd9b000, 0x000000011ca6b000, 0x00000001232d3000]
CodeHeap 'profiled nmethods': size=120028Kb used=19700Kb max_used=21625Kb free=100327Kb
 bounds [0x0000000114864000, 0x0000000115dc4000, 0x000000011bd9b000]
CodeHeap 'non-nmethods': size=5700Kb used=1605Kb max_used=1659Kb free=4094Kb
 bounds [0x00000001142d3000, 0x0000000114543000, 0x0000000114864000]
 total_blobs=10635 nmethods=9447 adapters=1098
 compilation: enabled
              stopped_count=0, restarted_count=0
 full_count=0

Compilation events (10 events):
Event: 18539.933 Thread 0x00007fa562817000 12262       3       javax.swing.plaf.metal.MetalBorders$MenuBarBorder::paintBorder (105 bytes)
Event: 18539.934 Thread 0x00007fa562817000 nmethod 12262 0x00000001158b7b90 code [0x00000001158b7ee0, 0x00000001158b9640]
Event: 18540.031 Thread 0x00007fa562817000 12264       3       com.jogamp.opengl.DebugGL4bc::glBindFramebuffer (55 bytes)
Event: 18540.033 Thread 0x00007fa562817000 nmethod 12264 0x00000001158ad090 code [0x00000001158ad300, 0x00000001158ae1f0]
Event: 18540.315 Thread 0x00007fa562817000 12265       1       jogamp.newt.WindowImpl::getX (5 bytes)
Event: 18540.315 Thread 0x00007fa562817000 nmethod 12265 0x000000011ca60990 code [0x000000011ca60b20, 0x000000011ca60bd0]
Event: 18540.315 Thread 0x00007fa562817000 12266       1       jogamp.newt.WindowImpl::getY (5 bytes)
Event: 18540.315 Thread 0x00007fa562817000 nmethod 12266 0x000000011ca60c90 code [0x000000011ca60e20, 0x000000011ca60ed0]
Event: 18540.318 Thread 0x00007fa562817000 12267       3       java.lang.Thread::getContextClassLoader (32 bytes)
Event: 18540.320 Thread 0x00007fa562817000 nmethod 12267 0x000000011588e010 code [0x000000011588e220, 0x000000011588ea90]

GC Heap History (10 events):
Event: 18283.209 GC heap before
{Heap before GC invocations=780 (full 0):
 garbage-first heap   total 262144K, used 184568K [0x0000000700000000, 0x0000000800000000)
  region size 1024K, 153 young (156672K), 1 survivors (1024K)
 Metaspace       used 45263K, capacity 46220K, committed 46848K, reserved 1091584K
  class space    used 4634K, capacity 5017K, committed 5120K, reserved 1048576K
}
Event: 18283.210 GC heap after
{Heap after GC invocations=781 (full 0):
 garbage-first heap   total 262144K, used 28927K [0x0000000700000000, 0x0000000800000000)
  region size 1024K, 1 young (1024K), 1 survivors (1024K)
 Metaspace       used 45263K, capacity 46220K, committed 46848K, reserved 1091584K
  class space    used 4634K, capacity 5017K, committed 5120K, reserved 1048576K
}
Event: 18283.771 GC heap before
{Heap before GC invocations=781 (full 0):
 garbage-first heap   total 262144K, used 184575K [0x0000000700000000, 0x0000000800000000)
  region size 1024K, 153 young (156672K), 1 survivors (1024K)
 Metaspace       used 45263K, capacity 46220K, committed 46848K, reserved 1091584K
  class space    used 4634K, capacity 5017K, committed 5120K, reserved 1048576K
}
Event: 18283.772 GC heap after
{Heap after GC invocations=782 (full 0):
 garbage-first heap   total 262144K, used 28989K [0x0000000700000000, 0x0000000800000000)
  region size 1024K, 1 young (1024K), 1 survivors (1024K)
 Metaspace       used 45263K, capacity 46220K, committed 46848K, reserved 1091584K
  class space    used 4634K, capacity 5017K, committed 5120K, reserved 1048576K
}
Event: 18356.868 GC heap before
{Heap before GC invocations=782 (full 0):
 garbage-first heap   total 262144K, used 184637K [0x0000000700000000, 0x0000000800000000)
  region size 1024K, 153 young (156672K), 1 survivors (1024K)
 Metaspace       used 45300K, capacity 46224K, committed 46848K, reserved 1091584K
  class space    used 4641K, capacity 5018K, committed 5120K, reserved 1048576K
}
Event: 18356.871 GC heap after
{Heap after GC invocations=783 (full 0):
 garbage-first heap   total 262144K, used 29247K [0x0000000700000000, 0x0000000800000000)
  region size 1024K, 1 young (1024K), 1 survivors (1024K)
 Metaspace       used 45300K, capacity 46224K, committed 46848K, reserved 1091584K
  class space    used 4641K, capacity 5018K, committed 5120K, reserved 1048576K
}
Event: 18427.511 GC heap before
{Heap before GC invocations=783 (full 0):
 garbage-first heap   total 262144K, used 196159K [0x0000000700000000, 0x0000000800000000)
  region size 1024K, 153 young (156672K), 1 survivors (1024K)
 Metaspace       used 45643K, capacity 46601K, committed 47104K, reserved 1091584K
  class space    used 4655K, capacity 5028K, committed 5120K, reserved 1048576K
}
Event: 18427.520 GC heap after
{Heap after GC invocations=784 (full 0):
 garbage-first heap   total 262144K, used 38789K [0x0000000700000000, 0x0000000800000000)
  region size 1024K, 3 young (3072K), 3 survivors (3072K)
 Metaspace       used 45643K, capacity 46601K, committed 47104K, reserved 1091584K
  class space    used 4655K, capacity 5028K, committed 5120K, reserved 1048576K
}
Event: 18521.311 GC heap before
{Heap before GC invocations=784 (full 0):
 garbage-first heap   total 262144K, used 208773K [0x0000000700000000, 0x0000000800000000)
  region size 1024K, 153 young (156672K), 3 survivors (3072K)
 Metaspace       used 45745K, capacity 46692K, committed 47104K, reserved 1091584K
  class space    used 4659K, capacity 5033K, committed 5120K, reserved 1048576K
}
Event: 18521.316 GC heap after
{Heap after GC invocations=785 (full 0):
 garbage-first heap   total 262144K, used 46845K [0x0000000700000000, 0x0000000800000000)
  region size 1024K, 4 young (4096K), 4 survivors (4096K)
 Metaspace       used 45745K, capacity 46692K, committed 47104K, reserved 1091584K
  class space    used 4659K, capacity 5033K, committed 5120K, reserved 1048576K
}

Deoptimization events (10 events):
Event: 18478.019 Thread 0x00007fa563263000 Uncommon trap: reason=bimorphic_or_optimized_type_check action=maybe_recompile pc=0x000000011c2a6f78 method=javax.swing.SwingUtilities.convertPointToScreen(Ljava/awt/Point;Ljava/awt/Component;)V @ 36 c2
Event: 18486.666 Thread 0x00007fa563263000 Uncommon trap: reason=unstable_if action=reinterpret pc=0x000000011c463b24 method=javax.swing.plaf.basic.BasicListUI.getCellBounds(Ljavax/swing/JList;I)Ljava/awt/Rectangle; @ 19 c2
Event: 18503.722 Thread 0x00007fa563263000 Uncommon trap: reason=unstable_if action=reinterpret pc=0x000000011c83d4b4 method=javax.swing.text.GapContent.getPositionsInRange(Ljava/util/Vector;II)Ljava/util/Vector; @ 44 c2
Event: 18517.030 Thread 0x00007fa563263000 Uncommon trap: reason=unstable_if action=reinterpret pc=0x000000011c66e0f8 method=java.util.HashMap.containsValue(Ljava/lang/Object;)Z @ 54 c2
Event: 18517.044 Thread 0x00007fa562e60000 Uncommon trap: reason=unstable_if action=reinterpret pc=0x000000011c3c775c method=com.jaamsim.render.DisplayModelBinding.dirty_tags(Ljava/util/HashMap;Ljava/util/HashMap;)Z @ 29 c2
Event: 18525.796 Thread 0x00007fa562162800 Uncommon trap: reason=unstable_if action=reinterpret pc=0x000000011c2073b8 method=java.util.concurrent.locks.ReentrantReadWriteLock$Sync.tryReleaseShared(I)Z @ 59 c2
Event: 18530.515 Thread 0x00007fa563263000 Uncommon trap: reason=class_check action=maybe_recompile pc=0x000000011c3d3c0c method=javax.swing.plaf.basic.BasicPopupMenuUI$MouseGrabber.eventDispatched(Ljava/awt/AWTEvent;)V @ 85 c2
Event: 18536.387 Thread 0x00007fa563263000 Uncommon trap: reason=unstable_if action=reinterpret pc=0x000000011c13a470 method=com.jaamsim.basicsim.Entity.getInput(Ljava/lang/String;)Lcom/jaamsim/input/Input; @ 40 c2
Event: 18536.390 Thread 0x00007fa563263000 Uncommon trap: reason=unstable_if action=reinterpret pc=0x000000011c6dc740 method=java.util.HashMap.containsValue(Ljava/lang/Object;)Z @ 54 c2
Event: 18540.316 Thread 0x00007fa56362c000 Uncommon trap: reason=unstable_if action=reinterpret pc=0x000000011c139908 method=com.jaamsim.controllers.RenderManager.isGood()Z @ 15 c2

Classes redefined (0 events):
No events

Internal exceptions (10 events):
Event: 18334.527 Thread 0x00007fa563263000 Implicit null exception at 0x000000011bed706c to 0x000000011bed7374
Event: 18395.747 Thread 0x00007fa563263000 Implicit null exception at 0x000000011c936d6d to 0x000000011c936e74
Event: 18433.096 Thread 0x00007fa563263000 Implicit null exception at 0x000000011c7d98e0 to 0x000000011c7dee70
Event: 18540.319 Thread 0x00007fa563182800 JVM_StopThread thread JavaThread 0x00007fa56362c000 as oop 0x000000070067d6d8 [exception 0x000070000fc3e0f0]
Event: 18540.319 Thread 0x00007fa56362c000 Exception <a 'java/lang/ThreadDeath'{0x000000070cd02848}> (0x000000070cd02848) thrown at [./open/src/hotspot/share/runtime/objectMonitor.cpp, line 1635]
Event: 18540.319 Thread 0x00007fa563182800 JVM_StopThread thread JavaThread 0x00007fa56362c000 as oop 0x000000070067d6d8 [exception 0x000070000fc3e0f0]
Event: 18540.320 Thread 0x00007fa563182800 JVM_StopThread thread JavaThread 0x00007fa56362c000 as oop 0x000000070067d6d8 [exception 0x000070000fc3e0f0]
Event: 18540.320 Thread 0x00007fa563182800 JVM_StopThread thread JavaThread 0x00007fa56362c000 as oop 0x000000070067d6d8 [exception 0x000070000fc3e0f0]
Event: 18540.320 Thread 0x00007fa563182800 JVM_StopThread thread JavaThread 0x00007fa56362c000 as oop 0x000000070067d6d8 [exception 0x000070000fc3e0f0]
Event: 18540.320 Thread 0x00007fa563182800 JVM_StopThread thread JavaThread 0x00007fa56362c000 as oop 0x000000070067d6d8 [exception 0x000070000fc3e0f0]

Events (10 events):
Event: 18540.320 Executing VM operation: ThreadStop done
Event: 18540.320 Executing VM operation: ThreadStop
Event: 18540.320 Executing VM operation: ThreadStop done
Event: 18540.320 Thread 0x00007fa56362c000 DEOPT PACKING pc=0x000000011584d78c sp=0x000070000f4a47e0
Event: 18540.320 Thread 0x00007fa56362c000 DEOPT UNPACKING pc=0x00000001142f90ca sp=0x000070000f4a3d58 mode 1
Event: 18540.320 Executing VM operation: ThreadStop
Event: 18540.320 Executing VM operation: ThreadStop done
Event: 18540.320 Thread 0x00007fa56362c000 Thread exited: 0x00007fa56362c000
Event: 18540.320 loading class jogamp/newt/DisplayImpl$6
Event: 18540.320 loading class jogamp/newt/DisplayImpl$6 done


Dynamic libraries:
0x00007fff4a78a000 	/System/Library/Frameworks/Cocoa.framework/Versions/A/Cocoa
0x00007fff56a49000 	/System/Library/Frameworks/Security.framework/Versions/A/Security
0x00007fff49391000 	/System/Library/Frameworks/ApplicationServices.framework/Versions/A/ApplicationServices
0x00007fff78039000 	/usr/lib/libz.1.dylib
0x0000000104ad6000 	/Library/Java/JavaVirtualMachines/jdk-11.0.11.jdk/Contents/Home/lib/jli/libjli.dylib
0x00007fff756ae000 	/usr/lib/libSystem.B.dylib
0x00007fff4851e000 	/System/Library/Frameworks/AppKit.framework/Versions/C/AppKit
0x00007fff4ab21000 	/System/Library/Frameworks/CoreData.framework/Versions/A/CoreData
0x00007fff4d332000 	/System/Library/Frameworks/Foundation.framework/Versions/C/Foundation
0x00007fff6e87c000 	/System/Library/PrivateFrameworks/RemoteViewServices.framework/Versions/A/RemoteViewServices
0x00007fff7337c000 	/System/Library/PrivateFrameworks/UIFoundation.framework/Versions/A/UIFoundation
0x00007fff74b34000 	/System/Library/PrivateFrameworks/XCTTargetBootstrap.framework/Versions/A/XCTTargetBootstrap
0x00007fff6937e000 	/System/Library/PrivateFrameworks/IconServices.framework/Versions/A/IconServices
0x00007fff4fbfc000 	/System/Library/Frameworks/Metal.framework/Versions/A/Metal
0x00007fff60580000 	/System/Library/PrivateFrameworks/DesktopServicesPriv.framework/Versions/A/DesktopServicesPriv
0x00007fff76469000 	/usr/lib/libenergytrace.dylib
0x00007fff710ed000 	/System/Library/PrivateFrameworks/SkyLight.framework/Versions/A/SkyLight
0x00007fff4b3fc000 	/System/Library/Frameworks/CoreGraphics.framework/Versions/A/CoreGraphics
0x00007fff472d9000 	/System/Library/Frameworks/Accelerate.framework/Versions/A/Accelerate
0x00007fff4dabc000 	/System/Library/Frameworks/IOSurface.framework/Versions/A/IOSurface
0x00007fff603e2000 	/System/Library/PrivateFrameworks/DFRFoundation.framework/Versions/A/DFRFoundation
0x00007fff49896000 	/System/Library/Frameworks/AudioToolbox.framework/Versions/A/AudioToolbox
0x00007fff49b35000 	/System/Library/Frameworks/AudioUnit.framework/Versions/A/AudioUnit
0x00007fff60479000 	/System/Library/PrivateFrameworks/DataDetectorsCore.framework/Versions/A/DataDetectorsCore
0x00007fff4a274000 	/System/Library/Frameworks/Carbon.framework/Versions/A/Frameworks/HIToolbox.framework/Versions/A/HIToolbox
0x00007fff765c4000 	/usr/lib/libicucore.A.dylib
0x00007fff55f9c000 	/System/Library/Frameworks/QuartzCore.framework/Versions/A/QuartzCore
0x00007fff4a65b000 	/System/Library/Frameworks/Carbon.framework/Versions/A/Frameworks/SpeechRecognition.framework/Versions/A/SpeechRecognition
0x00007fff75811000 	/usr/lib/libauto.dylib
0x00007fff77f2c000 	/usr/lib/libxml2.2.dylib
0x00007fff5ffe1000 	/System/Library/PrivateFrameworks/CoreUI.framework/Versions/A/CoreUI
0x00007fff4a9ff000 	/System/Library/Frameworks/CoreAudio.framework/Versions/A/CoreAudio
0x00007fff4d164000 	/System/Library/Frameworks/DiskArbitration.framework/Versions/A/DiskArbitration
0x00007fff76874000 	/usr/lib/liblangid.dylib
0x00007fff6a82f000 	/System/Library/PrivateFrameworks/MultitouchSupport.framework/Versions/A/MultitouchSupport
0x00007fff4da27000 	/System/Library/Frameworks/IOKit.framework/Versions/A/IOKit
0x00007fff752fc000 	/usr/lib/libDiagnosticMessagesClient.dylib
0x00007fff4c26a000 	/System/Library/Frameworks/CoreServices.framework/Versions/A/CoreServices
0x00007fff6c565000 	/System/Library/PrivateFrameworks/PerformanceAnalysis.framework/Versions/A/PerformanceAnalysis
0x00007fff55131000 	/System/Library/Frameworks/OpenGL.framework/Versions/A/OpenGL
0x00007fff77156000 	/usr/lib/libobjc.A.dylib
0x00007fff4a798000 	/System/Library/Frameworks/ColorSync.framework/Versions/A/ColorSync
0x00007fff4afad000 	/System/Library/Frameworks/CoreFoundation.framework/Versions/A/CoreFoundation
0x00007fff4ba8b000 	/System/Library/Frameworks/CoreImage.framework/Versions/A/CoreImage
0x00007fff4ccad000 	/System/Library/Frameworks/CoreText.framework/Versions/A/CoreText
0x00007fff4db1d000 	/System/Library/Frameworks/ImageIO.framework/Versions/A/ImageIO
0x00007fff5c61c000 	/System/Library/PrivateFrameworks/Backup.framework/Versions/A/Backup
0x00007fff75764000 	/usr/lib/libarchive.2.dylib
0x00007fff49e99000 	/System/Library/Frameworks/CFNetwork.framework/Versions/A/CFNetwork
0x00007fff571f4000 	/System/Library/Frameworks/SystemConfiguration.framework/Versions/A/SystemConfiguration
0x00007fff75225000 	/usr/lib/libCRFSuite.dylib
0x00007fff75908000 	/usr/lib/libc++.1.dylib
0x00007fff75960000 	/usr/lib/libc++abi.dylib
0x00007fff780bc000 	/usr/lib/system/libcache.dylib
0x00007fff780c1000 	/usr/lib/system/libcommonCrypto.dylib
0x00007fff780cc000 	/usr/lib/system/libcompiler_rt.dylib
0x00007fff780d4000 	/usr/lib/system/libcopyfile.dylib
0x00007fff780de000 	/usr/lib/system/libcorecrypto.dylib
0x00007fff781e9000 	/usr/lib/system/libdispatch.dylib
0x00007fff78224000 	/usr/lib/system/libdyld.dylib
0x00007fff78254000 	/usr/lib/system/libkeymgr.dylib
0x00007fff78262000 	/usr/lib/system/liblaunch.dylib
0x00007fff78263000 	/usr/lib/system/libmacho.dylib
0x00007fff78269000 	/usr/lib/system/libquarantine.dylib
0x00007fff7826c000 	/usr/lib/system/libremovefile.dylib
0x00007fff7826e000 	/usr/lib/system/libsystem_asl.dylib
0x00007fff78286000 	/usr/lib/system/libsystem_blocks.dylib
0x00007fff78287000 	/usr/lib/system/libsystem_c.dylib
0x00007fff78310000 	/usr/lib/system/libsystem_configuration.dylib
0x00007fff78314000 	/usr/lib/system/libsystem_coreservices.dylib
0x00007fff78318000 	/usr/lib/system/libsystem_darwin.dylib
0x00007fff7831f000 	/usr/lib/system/libsystem_dnssd.dylib
0x00007fff78326000 	/usr/lib/system/libsystem_info.dylib
0x00007fff7839c000 	/usr/lib/system/libsystem_m.dylib
0x00007fff783e8000 	/usr/lib/system/libsystem_malloc.dylib
0x00007fff7840d000 	/usr/lib/system/libsystem_networkextension.dylib
0x00007fff78419000 	/usr/lib/system/libsystem_notify.dylib
0x00007fff78436000 	/usr/lib/system/libsystem_sandbox.dylib
0x00007fff7843a000 	/usr/lib/system/libsystem_secinit.dylib
0x00007fff78373000 	/usr/lib/system/libsystem_kernel.dylib
0x00007fff78421000 	/usr/lib/system/libsystem_platform.dylib
0x00007fff7842b000 	/usr/lib/system/libsystem_pthread.dylib
0x00007fff7843d000 	/usr/lib/system/libsystem_symptoms.dylib
0x00007fff78445000 	/usr/lib/system/libsystem_trace.dylib
0x00007fff7845c000 	/usr/lib/system/libunwind.dylib
0x00007fff78462000 	/usr/lib/system/libxpc.dylib
0x00007fff758e8000 	/usr/lib/libbsm.0.dylib
0x00007fff78255000 	/usr/lib/system/libkxld.dylib
0x00007fff5b8c9000 	/System/Library/PrivateFrameworks/AppleFSCompression.framework/Versions/A/AppleFSCompression
0x00007fff7556d000 	/usr/lib/libOpenScriptingUtil.dylib
0x00007fff75c4b000 	/usr/lib/libcoretls.dylib
0x00007fff75c62000 	/usr/lib/libcoretls_cfhelpers.dylib
0x00007fff778ef000 	/usr/lib/libpam.2.dylib
0x00007fff77ab2000 	/usr/lib/libsqlite3.dylib
0x00007fff77f1a000 	/usr/lib/libxar.1.dylib
0x00007fff758f9000 	/usr/lib/libbz2.1.0.dylib
0x00007fff76876000 	/usr/lib/liblzma.5.dylib
0x00007fff76d6c000 	/usr/lib/libnetwork.dylib
0x00007fff7574d000 	/usr/lib/libapple_nghttp2.dylib
0x00007fff778f6000 	/usr/lib/libpcap.A.dylib
0x00007fff4c60e000 	/System/Library/Frameworks/CoreServices.framework/Versions/A/Frameworks/FSEvents.framework/Versions/A/FSEvents
0x00007fff4c2ea000 	/System/Library/Frameworks/CoreServices.framework/Versions/A/Frameworks/CarbonCore.framework/Versions/A/CarbonCore
0x00007fff4c7e3000 	/System/Library/Frameworks/CoreServices.framework/Versions/A/Frameworks/Metadata.framework/Versions/A/Metadata
0x00007fff4c886000 	/System/Library/Frameworks/CoreServices.framework/Versions/A/Frameworks/OSServices.framework/Versions/A/OSServices
0x00007fff4c8d2000 	/System/Library/Frameworks/CoreServices.framework/Versions/A/Frameworks/SearchKit.framework/Versions/A/SearchKit
0x00007fff4c26b000 	/System/Library/Frameworks/CoreServices.framework/Versions/A/Frameworks/AE.framework/Versions/A/AE
0x00007fff4c617000 	/System/Library/Frameworks/CoreServices.framework/Versions/A/Frameworks/LaunchServices.framework/Versions/A/LaunchServices
0x00007fff4c5c3000 	/System/Library/Frameworks/CoreServices.framework/Versions/A/Frameworks/DictionaryServices.framework/Versions/A/DictionaryServices
0x00007fff4c941000 	/System/Library/Frameworks/CoreServices.framework/Versions/A/Frameworks/SharedFileList.framework/Versions/A/SharedFileList
0x00007fff510c2000 	/System/Library/Frameworks/NetFS.framework/Versions/A/NetFS
0x00007fff6aacc000 	/System/Library/PrivateFrameworks/NetAuth.framework/Versions/A/NetAuth
0x00007fff74f68000 	/System/Library/PrivateFrameworks/login.framework/Versions/A/Frameworks/loginsupport.framework/Versions/A/loginsupport
0x00007fff72f74000 	/System/Library/PrivateFrameworks/TCC.framework/Versions/A/TCC
0x00007fff5f5e9000 	/System/Library/PrivateFrameworks/CoreNLP.framework/Versions/A/CoreNLP
0x00007fff6a51f000 	/System/Library/PrivateFrameworks/MetadataUtilities.framework/Versions/A/MetadataUtilities
0x00007fff76957000 	/usr/lib/libmecabra.dylib
0x00007fff49392000 	/System/Library/Frameworks/ApplicationServices.framework/Versions/A/Frameworks/ATS.framework/Versions/A/ATS
0x00007fff496fd000 	/System/Library/Frameworks/ApplicationServices.framework/Versions/A/Frameworks/ColorSyncLegacy.framework/Versions/A/ColorSyncLegacy
0x00007fff4979e000 	/System/Library/Frameworks/ApplicationServices.framework/Versions/A/Frameworks/HIServices.framework/Versions/A/HIServices
0x00007fff497f1000 	/System/Library/Frameworks/ApplicationServices.framework/Versions/A/Frameworks/LangAnalysis.framework/Versions/A/LangAnalysis
0x00007fff49800000 	/System/Library/Frameworks/ApplicationServices.framework/Versions/A/Frameworks/PrintCore.framework/Versions/A/PrintCore
0x00007fff4984d000 	/System/Library/Frameworks/ApplicationServices.framework/Versions/A/Frameworks/QD.framework/Versions/A/QD
0x00007fff49889000 	/System/Library/Frameworks/ApplicationServices.framework/Versions/A/Frameworks/SpeechSynthesis.framework/Versions/A/SpeechSynthesis
0x00007fff75988000 	/usr/lib/libcompression.dylib
0x00007fff4aec3000 	/System/Library/Frameworks/CoreDisplay.framework/Versions/A/CoreDisplay
0x00007fff4fec4000 	/System/Library/Frameworks/MetalPerformanceShaders.framework/Versions/A/MetalPerformanceShaders
0x00007fff472f1000 	/System/Library/Frameworks/Accelerate.framework/Versions/A/Frameworks/vImage.framework/Versions/A/vImage
0x00007fff4836d000 	/System/Library/Frameworks/Accelerate.framework/Versions/A/Frameworks/vecLib.framework/Versions/A/vecLib
0x00007fff482b7000 	/System/Library/Frameworks/Accelerate.framework/Versions/A/Frameworks/vecLib.framework/Versions/A/libvMisc.dylib
0x00007fff480d2000 	/System/Library/Frameworks/Accelerate.framework/Versions/A/Frameworks/vecLib.framework/Versions/A/libvDSP.dylib
0x00007fff47992000 	/System/Library/Frameworks/Accelerate.framework/Versions/A/Frameworks/vecLib.framework/Versions/A/libBLAS.dylib
0x00007fff47c7d000 	/System/Library/Frameworks/Accelerate.framework/Versions/A/Frameworks/vecLib.framework/Versions/A/libLAPACK.dylib
0x00007fff48024000 	/System/Library/Frameworks/Accelerate.framework/Versions/A/Frameworks/vecLib.framework/Versions/A/libLinearAlgebra.dylib
0x00007fff480be000 	/System/Library/Frameworks/Accelerate.framework/Versions/A/Frameworks/vecLib.framework/Versions/A/libSparseBLAS.dylib
0x00007fff4803a000 	/System/Library/Frameworks/Accelerate.framework/Versions/A/Frameworks/vecLib.framework/Versions/A/libQuadrature.dylib
0x00007fff47c0a000 	/System/Library/Frameworks/Accelerate.framework/Versions/A/Frameworks/vecLib.framework/Versions/A/libBNNS.dylib
0x00007fff48040000 	/System/Library/Frameworks/Accelerate.framework/Versions/A/Frameworks/vecLib.framework/Versions/A/libSparse.dylib
0x00007fff66b10000 	/System/Library/PrivateFrameworks/GPUWrangler.framework/Versions/A/GPUWrangler
0x00007fff68f45000 	/System/Library/PrivateFrameworks/IOAccelerator.framework/Versions/A/IOAccelerator
0x00007fff68f50000 	/System/Library/PrivateFrameworks/IOPresentment.framework/Versions/A/IOPresentment
0x00007fff603f2000 	/System/Library/PrivateFrameworks/DSExternalDisplay.framework/Versions/A/DSExternalDisplay
0x00007fff54576000 	/System/Library/Frameworks/OpenGL.framework/Versions/A/Libraries/libCoreFSCache.dylib
0x00007fff4fcac000 	/System/Library/Frameworks/MetalPerformanceShaders.framework/Frameworks/MPSCore.framework/Versions/A/MPSCore
0x00007fff4fccd000 	/System/Library/Frameworks/MetalPerformanceShaders.framework/Frameworks/MPSImage.framework/Versions/A/MPSImage
0x00007fff4fd75000 	/System/Library/Frameworks/MetalPerformanceShaders.framework/Frameworks/MPSNeuralNetwork.framework/Versions/A/MPSNeuralNetwork
0x00007fff4fd4c000 	/System/Library/Frameworks/MetalPerformanceShaders.framework/Frameworks/MPSMatrix.framework/Versions/A/MPSMatrix
0x00007fff4fea8000 	/System/Library/Frameworks/MetalPerformanceShaders.framework/Frameworks/MPSRayIntersector.framework/Versions/A/MPSRayIntersector
0x00007fff6a548000 	/System/Library/PrivateFrameworks/MetalTools.framework/Versions/A/MetalTools
0x00007fff5afc3000 	/System/Library/PrivateFrameworks/AggregateDictionary.framework/Versions/A/AggregateDictionary
0x00007fff7554d000 	/usr/lib/libMobileGestalt.dylib
0x00007fff4ce13000 	/System/Library/Frameworks/CoreVideo.framework/Versions/A/CoreVideo
0x00007fff67980000 	/System/Library/PrivateFrameworks/GraphVisualizer.framework/Versions/A/GraphVisualizer
0x00007fff6171b000 	/System/Library/PrivateFrameworks/FaceCore.framework/Versions/A/FaceCore
0x00007fff53b8e000 	/System/Library/Frameworks/OpenCL.framework/Versions/A/OpenCL
0x00007fff75334000 	/usr/lib/libFosl_dynamic.dylib
0x00007fff6b3a4000 	/System/Library/PrivateFrameworks/OTSVG.framework/Versions/A/OTSVG
0x00007fff49496000 	/System/Library/Frameworks/ApplicationServices.framework/Versions/A/Frameworks/ATS.framework/Versions/A/Resources/libFontParser.dylib
0x00007fff495b6000 	/System/Library/Frameworks/ApplicationServices.framework/Versions/A/Frameworks/ATS.framework/Versions/A/Resources/libFontRegistry.dylib
0x00007fff4dda7000 	/System/Library/Frameworks/ImageIO.framework/Versions/A/Resources/libJPEG.dylib
0x00007fff4e0c9000 	/System/Library/Frameworks/ImageIO.framework/Versions/A/Resources/libTIFF.dylib
0x00007fff4e09f000 	/System/Library/Frameworks/ImageIO.framework/Versions/A/Resources/libPng.dylib
0x00007fff4dcbc000 	/System/Library/Frameworks/ImageIO.framework/Versions/A/Resources/libGIF.dylib
0x00007fff4dcc1000 	/System/Library/Frameworks/ImageIO.framework/Versions/A/Resources/libJP2.dylib
0x00007fff4e0c6000 	/System/Library/Frameworks/ImageIO.framework/Versions/A/Resources/libRadiance.dylib
0x00007fff5ba22000 	/System/Library/PrivateFrameworks/AppleJPEG.framework/Versions/A/AppleJPEG
0x00007fff54581000 	/System/Library/Frameworks/OpenGL.framework/Versions/A/Libraries/libGFXShared.dylib
0x00007fff54744000 	/System/Library/Frameworks/OpenGL.framework/Versions/A/Libraries/libGLU.dylib
0x00007fff5458a000 	/System/Library/Frameworks/OpenGL.framework/Versions/A/Libraries/libGL.dylib
0x00007fff54596000 	/System/Library/Frameworks/OpenGL.framework/Versions/A/Libraries/libGLImage.dylib
0x00007fff54573000 	/System/Library/Frameworks/OpenGL.framework/Versions/A/Libraries/libCVMSPluginSupport.dylib
0x00007fff5457c000 	/System/Library/Frameworks/OpenGL.framework/Versions/A/Libraries/libCoreVMClient.dylib
0x00007fff762da000 	/usr/lib/libcups.2.dylib
0x00007fff4f1c1000 	/System/Library/Frameworks/Kerberos.framework/Versions/A/Kerberos
0x00007fff4d771000 	/System/Library/Frameworks/GSS.framework/Versions/A/GSS
0x00007fff77a46000 	/usr/lib/libresolv.9.dylib
0x00007fff764d2000 	/usr/lib/libiconv.2.dylib
0x00007fff67ae0000 	/System/Library/PrivateFrameworks/Heimdal.framework/Versions/A/Heimdal
0x00007fff764a1000 	/usr/lib/libheimdal-asn1.dylib
0x00007fff53c04000 	/System/Library/Frameworks/OpenDirectory.framework/Versions/A/OpenDirectory
0x00007fff5e2e5000 	/System/Library/PrivateFrameworks/CommonAuth.framework/Versions/A/CommonAuth
0x00007fff53be7000 	/System/Library/Frameworks/OpenDirectory.framework/Versions/A/Frameworks/CFOpenDirectory.framework/Versions/A/CFOpenDirectory
0x00007fff56d72000 	/System/Library/Frameworks/SecurityFoundation.framework/Versions/A/SecurityFoundation
0x00007fff5a4d2000 	/System/Library/PrivateFrameworks/APFS.framework/Versions/A/APFS
0x00007fff77f16000 	/usr/lib/libutil.dylib
0x00007fff75976000 	/usr/lib/libcharset.1.dylib
0x00007fff5bcbe000 	/System/Library/PrivateFrameworks/AppleSauce.framework/Versions/A/AppleSauce
0x00007fff5be4c000 	/System/Library/PrivateFrameworks/AssertionServices.framework/Versions/A/AssertionServices
0x00007fff5c6bf000 	/System/Library/PrivateFrameworks/BaseBoard.framework/Versions/A/BaseBoard
0x00007fff768a6000 	/usr/lib/libmecab.1.0.0.dylib
0x00007fff7649b000 	/usr/lib/libgermantok.dylib
0x00007fff75739000 	/usr/lib/libThaiTokenizer.dylib
0x00007fff75260000 	/usr/lib/libChineseTokenizer.dylib
0x00007fff6967c000 	/System/Library/PrivateFrameworks/LanguageModeling.framework/Versions/A/LanguageModeling
0x00007fff5efff000 	/System/Library/PrivateFrameworks/CoreEmoji.framework/Versions/A/CoreEmoji
0x00007fff69774000 	/System/Library/PrivateFrameworks/Lexicon.framework/Versions/A/Lexicon
0x00007fff697bc000 	/System/Library/PrivateFrameworks/LinguisticData.framework/Versions/A/LinguisticData
0x00007fff75977000 	/usr/lib/libcmph.dylib
0x00007fff56e33000 	/System/Library/Frameworks/ServiceManagement.framework/Versions/A/ServiceManagement
0x00007fff5c612000 	/System/Library/PrivateFrameworks/BackgroundTaskManagement.framework/Versions/A/BackgroundTaskManagement
0x00007fff78010000 	/usr/lib/libxslt.1.dylib
0x00007fff4a586000 	/System/Library/Frameworks/Carbon.framework/Versions/A/Frameworks/Ink.framework/Versions/A/Ink
0x00007fff731f4000 	/System/Library/PrivateFrameworks/TextureIO.framework/Versions/A/TextureIO
0x00007fff7578e000 	/usr/lib/libate.dylib
0x00007fff6034e000 	/System/Library/PrivateFrameworks/CrashReporterSupport.framework/Versions/A/CrashReporterSupport
0x00007fff70215000 	/System/Library/PrivateFrameworks/Sharing.framework/Versions/A/Sharing
0x00007fff5c19e000 	/System/Library/PrivateFrameworks/AuthKit.framework/Versions/A/AuthKit
0x00007fff5b5c1000 	/System/Library/PrivateFrameworks/Apple80211.framework/Versions/A/Apple80211
0x00007fff6010e000 	/System/Library/PrivateFrameworks/CoreUtils.framework/Versions/A/CoreUtils
0x00007fff4ce51000 	/System/Library/Frameworks/CoreWLAN.framework/Versions/A/CoreWLAN
0x00007fff4d8bb000 	/System/Library/Frameworks/IOBluetooth.framework/Versions/A/IOBluetooth
0x00007fff6e533000 	/System/Library/PrivateFrameworks/ProtocolBuffer.framework/Versions/A/ProtocolBuffer
0x00007fff6a786000 	/System/Library/PrivateFrameworks/MobileKeyBag.framework/Versions/A/MobileKeyBag
0x00007fff5f926000 	/System/Library/PrivateFrameworks/CorePhoneNumbers.framework/Versions/A/CorePhoneNumbers
0x00007fff5b9d6000 	/System/Library/PrivateFrameworks/AppleIDAuthSupport.framework/Versions/A/AppleIDAuthSupport
0x00007fff6964d000 	/System/Library/PrivateFrameworks/KeychainCircle.framework/Versions/A/KeychainCircle
0x00007fff6e700000 	/System/Library/PrivateFrameworks/ROCKit.framework/Versions/A/ROCKit
0x00007fff602ea000 	/System/Library/PrivateFrameworks/CoreWiFi.framework/Versions/A/CoreWiFi
0x00007fff4aaf5000 	/System/Library/Frameworks/CoreBluetooth.framework/Versions/A/CoreBluetooth
0x00007fff6053e000 	/System/Library/PrivateFrameworks/DebugSymbols.framework/Versions/A/DebugSymbols
0x00007fff5fec3000 	/System/Library/PrivateFrameworks/CoreSymbolication.framework/Versions/A/CoreSymbolication
0x00007fff729de000 	/System/Library/PrivateFrameworks/Symbolication.framework/Versions/A/Symbolication
0x00007fff71b70000 	/System/Library/PrivateFrameworks/SpeechRecognitionCore.framework/Versions/A/SpeechRecognitionCore
0x0000000105c00000 	/Library/Java/JavaVirtualMachines/jdk-11.0.11.jdk/Contents/Home/lib/server/libjvm.dylib
0x0000000104b32000 	/Library/Java/JavaVirtualMachines/jdk-11.0.11.jdk/Contents/Home/lib/libverify.dylib
0x0000000104b42000 	/Library/Java/JavaVirtualMachines/jdk-11.0.11.jdk/Contents/Home/lib/libjava.dylib
0x0000000104b6f000 	/Library/Java/JavaVirtualMachines/jdk-11.0.11.jdk/Contents/Home/lib/libjimage.dylib
0x0000000104bc5000 	/Library/Java/JavaVirtualMachines/jdk-11.0.11.jdk/Contents/Home/lib/libzip.dylib
0x00000001141cb000 	/Library/Java/JavaVirtualMachines/jdk-11.0.11.jdk/Contents/Home/lib/libnio.dylib
0x000000012b353000 	/Library/Java/JavaVirtualMachines/jdk-11.0.11.jdk/Contents/Home/lib/./libnet.dylib
0x000000012b3f4000 	/Library/Java/JavaVirtualMachines/jdk-11.0.11.jdk/Contents/Home/lib/libawt.dylib
0x000000012b493000 	/Library/Java/JavaVirtualMachines/jdk-11.0.11.jdk/Contents/Home/lib/./libmlib_image.dylib
0x00007fff4f1aa000 	/System/Library/Frameworks/JavaVM.framework/Versions/A/Frameworks/JavaNativeFoundation.framework/Versions/A/JavaNativeFoundation
0x00007fff4f1b3000 	/System/Library/Frameworks/JavaVM.framework/Versions/A/Frameworks/JavaRuntimeSupport.framework/Versions/A/JavaRuntimeSupport
0x00007fff4f1bc000 	/System/Library/Frameworks/JavaVM.framework/Versions/A/JavaVM
0x00007fff69564000 	/System/Library/PrivateFrameworks/JavaLaunching.framework/Versions/A/JavaLaunching
0x00007fff4a26f000 	/System/Library/Frameworks/Carbon.framework/Versions/A/Carbon
0x00007fff4a270000 	/System/Library/Frameworks/Carbon.framework/Versions/A/Frameworks/CommonPanels.framework/Versions/A/CommonPanels
0x00007fff4a57c000 	/System/Library/Frameworks/Carbon.framework/Versions/A/Frameworks/Help.framework/Versions/A/Help
0x00007fff4a580000 	/System/Library/Frameworks/Carbon.framework/Versions/A/Frameworks/ImageCapture.framework/Versions/A/ImageCapture
0x00007fff4a61b000 	/System/Library/Frameworks/Carbon.framework/Versions/A/Frameworks/OpenScripting.framework/Versions/A/OpenScripting
0x00007fff4a656000 	/System/Library/Frameworks/Carbon.framework/Versions/A/Frameworks/Print.framework/Versions/A/Print
0x00007fff4a658000 	/System/Library/Frameworks/Carbon.framework/Versions/A/Frameworks/SecurityHI.framework/Versions/A/SecurityHI
0x000000012b4fc000 	/Library/Java/JavaVirtualMachines/jdk-11.0.11.jdk/Contents/Home/lib/libawt_lwawt.dylib
0x000000012b5a5000 	/Library/Java/JavaVirtualMachines/jdk-11.0.11.jdk/Contents/Home/lib/./libosxapp.dylib
0x00007fff4d30a000 	/System/Library/Frameworks/ExceptionHandling.framework/Versions/A/ExceptionHandling
0x00000001141dd000 	/Library/Java/JavaVirtualMachines/jdk-11.0.11.jdk/Contents/Home/lib/libfontmanager.dylib
0x000000012b9ac000 	/Library/Java/JavaVirtualMachines/jdk-11.0.11.jdk/Contents/Home/lib/./libharfbuzz.dylib
0x000000012bad7000 	/Library/Java/JavaVirtualMachines/jdk-11.0.11.jdk/Contents/Home/lib/./libfreetype.dylib
0x00007fff5fabd000 	/System/Library/PrivateFrameworks/CoreServicesInternal.framework/Versions/A/CoreServicesInternal
0x00007fff40e42000 	/System/Library/CoreServices/RawCamera.bundle/Contents/MacOS/RawCamera
0x00007fff6a5ef000 	/System/Library/PrivateFrameworks/MobileAsset.framework/Versions/A/MobileAsset
0x00007fff72262000 	/System/Library/PrivateFrameworks/StreamingZip.framework/Versions/A/StreamingZip
0x00007fff4f55c000 	/System/Library/Frameworks/MediaToolbox.framework/Versions/A/MediaToolbox
0x00007fff5eb84000 	/System/Library/PrivateFrameworks/CoreAVCHD.framework/Versions/A/CoreAVCHD
0x00007fff4f498000 	/System/Library/Frameworks/MediaAccessibility.framework/Versions/A/MediaAccessibility
0x00007fff6a021000 	/System/Library/PrivateFrameworks/Mangrove.framework/Versions/A/Mangrove
0x00007fff4c105000 	/System/Library/Frameworks/CoreMedia.framework/Versions/A/CoreMedia
0x00007fff574c5000 	/System/Library/Frameworks/VideoToolbox.framework/Versions/A/VideoToolbox
0x00007fff5e7ac000 	/System/Library/PrivateFrameworks/CoreAUC.framework/Versions/A/CoreAUC
0x00007fff77ab0000 	/usr/lib/libspindump.dylib
0x00007fff5bdb1000 	/System/Library/PrivateFrameworks/AppleVA.framework/Versions/A/AppleVA
0x00007fff472da000 	/System/Library/Frameworks/Accelerate.framework/Versions/A/Frameworks/vImage.framework/Versions/A/Libraries/libCGInterfaces.dylib
0x00007fff49660000 	/System/Library/Frameworks/ApplicationServices.framework/Versions/A/Frameworks/ATS.framework/Versions/A/Resources/libTrueTypeScaler.dylib
0x00007fff44589000 	/System/Library/Extensions/AppleIntelKBLGraphicsMTLDriver.bundle/Contents/MacOS/AppleIntelKBLGraphicsMTLDriver
0x00007fff411be000 	/System/Library/Extensions/AMDMTLBronzeDriver.bundle/Contents/MacOS/AMDMTLBronzeDriver
0x00007fff68f3b000 	/System/Library/PrivateFrameworks/IOAccelMemoryInfo.framework/Versions/A/IOAccelMemoryInfo
0x00007fff65465000 	/System/Library/PrivateFrameworks/GPUCompiler.framework/Versions/3902/Libraries/libmetal_timestamp.dylib
0x00007fff74225000 	/System/Library/PrivateFrameworks/ViewBridge.framework/Versions/A/ViewBridge
0x000000012d955000 	/usr/lib/libobjc-trampolines.dylib
0x00007fff55141000 	/System/Library/Frameworks/OpenGL.framework/Versions/A/Resources/GLEngine.bundle/GLEngine
0x00007fff545d1000 	/System/Library/Frameworks/OpenGL.framework/Versions/A/Libraries/libGLProgrammability.dylib
0x00007fff437a8000 	/System/Library/Extensions/AppleIntelKBLGraphicsGLDriver.bundle/Contents/MacOS/AppleIntelKBLGraphicsGLDriver
0x00007fff66b04000 	/System/Library/PrivateFrameworks/GPUSupport.framework/Versions/A/Libraries/libGPUSupportMercury.dylib
0x0000000130682000 	/System/Library/Extensions/AMDRadeonX4000GLDriver.bundle/Contents/MacOS/AMDRadeonX4000GLDriver
0x00007fff4130a000 	/System/Library/Extensions/AMDRadeonX4000GLDriver.bundle/Contents/MacOS/ATIRadeonX4000SCLib.dylib
0x00007fff552d8000 	/System/Library/Frameworks/OpenGL.framework/Versions/A/Resources/GLRendererFloat.bundle/GLRendererFloat
0x00007fff53b85000 	/System/Library/Frameworks/OpenCL.framework/Versions/A/Libraries/libcldcpuengine.dylib
0x00007fff75e02000 	/usr/lib/libcrypto.35.dylib
0x00007fff73375000 	/System/Library/PrivateFrameworks/TrustEvaluationAgent.framework/Versions/A/TrustEvaluationAgent
0x000000013003a000 	/Library/Java/JavaVirtualMachines/jdk-11.0.11.jdk/Contents/Home/lib/libosxui.dylib
0x000000012fe2a000 	/private/var/folders/5z/nlzjdw757g3_cyh2lgg02vb40000gn/T/jogamp_0000/file_cache/jln13832887901919030328/jln12331199971342679448/natives/macosx-universal/libgluegen_rt.dylib
0x000000012fc38000 	/private/var/folders/5z/nlzjdw757g3_cyh2lgg02vb40000gn/T/jogamp_0000/file_cache/jln13832887901919030328/jln12331199971342679448/natives/macosx-universal/libnativewindow_awt.dylib
0x000000012fc71000 	/Library/Java/JavaVirtualMachines/jdk-11.0.11.jdk/Contents/Home/lib/libjawt.dylib
0x000000012fdec000 	/private/var/folders/5z/nlzjdw757g3_cyh2lgg02vb40000gn/T/jogamp_0000/file_cache/jln13832887901919030328/jln12331199971342679448/natives/macosx-universal/libnativewindow_macosx.dylib
0x0000000169906000 	/private/var/folders/5z/nlzjdw757g3_cyh2lgg02vb40000gn/T/jogamp_0000/file_cache/jln13832887901919030328/jln12331199971342679448/natives/macosx-universal/libjogl_desktop.dylib
0x000000012ff53000 	/private/var/folders/5z/nlzjdw757g3_cyh2lgg02vb40000gn/T/jogamp_0000/file_cache/jln13832887901919030328/jln12331199971342679448/natives/macosx-universal/libjogl_mobile.dylib
0x0000000169e86000 	/private/var/folders/5z/nlzjdw757g3_cyh2lgg02vb40000gn/T/jogamp_0000/file_cache/jln13832887901919030328/jln12331199971342679448/natives/macosx-universal/libnewt_head.dylib
0x000000012f384000 	/Library/Java/JavaVirtualMachines/jdk-11.0.11.jdk/Contents/Home/lib/libjavajpeg.dylib
0x000000012dee4000 	/Library/Java/JavaVirtualMachines/jdk-11.0.11.jdk/Contents/Home/lib/libprefs.dylib
0x00007fff74f6b000 	/System/Library/PrivateFrameworks/login.framework/Versions/A/login


VM Arguments:
java_command: ./build/jars/JaamSim2021-04.jar
java_class_path (initial): ./build/jars/JaamSim2021-04.jar
Launcher Type: SUN_STANDARD

[Global flags]
     intx CICompilerCount                          = 4                                         {product} {ergonomic}
     uint ConcGCThreads                            = 2                                         {product} {ergonomic}
     uint G1ConcRefinementThreads                  = 8                                         {product} {ergonomic}
   size_t G1HeapRegionSize                         = 1048576                                   {product} {ergonomic}
    uintx GCDrainStackTargetSize                   = 64                                        {product} {ergonomic}
   size_t InitialHeapSize                          = 268435456                                 {product} {ergonomic}
   size_t MarkStackSize                            = 4194304                                   {product} {ergonomic}
   size_t MaxHeapSize                              = 4294967296                                {product} {ergonomic}
   size_t MaxNewSize                               = 2576351232                                {product} {ergonomic}
   size_t MinHeapDeltaBytes                        = 1048576                                   {product} {ergonomic}
    uintx NonNMethodCodeHeapSize                   = 5836300                                {pd product} {ergonomic}
    uintx NonProfiledCodeHeapSize                  = 122910970                              {pd product} {ergonomic}
    uintx ProfiledCodeHeapSize                     = 122910970                              {pd product} {ergonomic}
    uintx ReservedCodeCacheSize                    = 251658240                              {pd product} {ergonomic}
     bool SegmentedCodeCache                       = true                                      {product} {ergonomic}
     bool UseCompressedClassPointers               = true                                 {lp64_product} {ergonomic}
     bool UseCompressedOops                        = true                                 {lp64_product} {ergonomic}
     bool UseG1GC                                  = true                                      {product} {ergonomic}

Logging:
Log output configuration:
 #0: stdout all=warning uptime,level,tags
 #1: stderr all=off uptime,level,tags

Environment Variables:
JAVA_HOME=/Library/Java/JavaVirtualMachines/jdk-11.0.11.jdk/Contents/Home
PATH=/Users/gavinmilbank/repos/private/jaamsim/bin:/Users/gavinmilbank/repos/private/jaamsim/sbin:/Users/gavinmilbank/repos/private/jaamsim/script:/Users/gavinmilbank/repos/private/jaamsim/script/Darwin:/Users/gavinmilbank/repos/private/jaamsim/bin:/Users/gavinmilbank/repos/private/jaamsim/sbin:/Users/gavinmilbank/repos/private/jaamsim/script:/Users/gavinmilbank/repos/private/jaamsim/script/Darwin:/Users/gavinmilbank/.gem/ruby/2.7.0/bin:/usr/local/opt/ruby/bin:/Library/Frameworks/Python.framework/Versions/3.8/bin:/usr/local/opt/sqlite/bin:/Users/gavinmilbank/bin:/Users/gavinmilbank/.local/bin:/Users/gavinmilbank/work/portelalib/poterla-devtools/bin:/Users/gavinmilbank/work/portela/go/bin:/usr/local/go/bin:/usr/local/bin:/usr/bin:/bin:/usr/sbin:/sbin:/opt/X11/bin:/Users/gavinmilbank/repos/private/jaamsim/script:/Users/gavinmilbank/repos/private/jaamsim/bin:/Users/gavinmilbank/repos/private/jaamsim/sbin:/Users/gavinmilbank/Library/Python/3.7/bin:/Users/gavinmilbank/repos/private/jaamsim/script:/Users/gavinmilbank/repos/private/jaamsim/bin:/Users/gavinmilbank/repos/private/jaamsim/sbin:/Users/gavinmilbank/Library/Python/3.7/bin
SHELL=/bin/zsh
DISPLAY=/private/tmp/com.apple.launchd.ho3KEOSv54/org.macosforge.xquartz:0

Signal Handlers:
SIGSEGV: [libjvm.dylib+0x796aba], sa_mask[0]=11111111011111110111111111111111, sa_flags=SA_ONSTACK|SA_RESTART|SA_SIGINFO
SIGBUS: [libjvm.dylib+0x796aba], sa_mask[0]=11111111011111110111111111111111, sa_flags=SA_RESTART|SA_SIGINFO
SIGFPE: [libjvm.dylib+0x796aba], sa_mask[0]=11111111011111110111111111111111, sa_flags=SA_RESTART|SA_SIGINFO
SIGPIPE: [libjvm.dylib+0x6487c0], sa_mask[0]=11111111011111110111111111111111, sa_flags=SA_RESTART|SA_SIGINFO
SIGXFSZ: [libjvm.dylib+0x6487c0], sa_mask[0]=11111111011111110111111111111111, sa_flags=SA_RESTART|SA_SIGINFO
SIGILL: [libjvm.dylib+0x796aba], sa_mask[0]=11111111011111110111111111111111, sa_flags=SA_RESTART|SA_SIGINFO
SIGUSR2: [libjvm.dylib+0x648d94], sa_mask[0]=00000000000000000000000000000000, sa_flags=SA_RESTART|SA_SIGINFO
SIGHUP: [libjvm.dylib+0x647855], sa_mask[0]=11111111011111110111111111111111, sa_flags=SA_RESTART|SA_SIGINFO
SIGINT: [libjvm.dylib+0x647855], sa_mask[0]=11111111011111110111111111111111, sa_flags=SA_RESTART|SA_SIGINFO
SIGTERM: [libjvm.dylib+0x647855], sa_mask[0]=11111111011111110111111111111111, sa_flags=SA_RESTART|SA_SIGINFO
SIGQUIT: [libjvm.dylib+0x647855], sa_mask[0]=11111111011111110111111111111111, sa_flags=SA_RESTART|SA_SIGINFO


---------------  S Y S T E M  ---------------

OS:uname:Darwin 18.2.0 Darwin Kernel Version 18.2.0: Thu Dec 20 20:46:53 PST 2018; root:xnu-4903.241.1~1/RELEASE_X86_64 x86_64
rlimit: STACK 8192k, CORE 0k, NPROC 1418, NOFILE 10240, AS infinity, DATA infinity, FSIZE infinity
load average:2.32 3.10 3.26

CPU:total 8 (initial active 8) (4 cores per cpu, 2 threads per core) family 6 model 158 stepping 9 microcode 0x8e, cmov, cx8, fxsr, mmx, sse, sse2, sse3, ssse3, sse4.1, sse4.2, popcnt, avx, avx2, aes, clmul, erms, 3dnowpref, lzcnt, ht, tsc, tscinvbit, bmi1, bmi2, adx, fma

Memory: 4k page, physical 16777216k(27424k free)

vm_info: Java HotSpot(TM) 64-Bit Server VM (11.0.11+9-LTS-194) for bsd-amd64 JRE (11.0.11+9-LTS-194), built on Mar 18 2021 18:02:06 by "mach5one" with gcc 4.2.1 Compatible Apple LLVM 11.0.0 (clang-1100.0.33.17)

END.
